
Collect Macros 'B:/workspace/RhapsodyTr/Mcal/rba_I2C/rba_I2C/rba_I2C/src/rba_I2C.c'
File: B:\workspace\RhapsodyTr\Mcal\rba_I2C\rba_I2C\rba_I2C\src\rba_I2C.c, Line: 48 #include "rba_I2C.h" ignored--file not found.
Collect Macros from include file 'B:\workspace\RhapsodyTr\Mcal\rba_I2C\rba_I2C\rba_I2C\src\rba_I2C_Prv.h'
File: B:\workspace\RhapsodyTr\Mcal\rba_I2C\rba_I2C\rba_I2C\src\rba_I2C_Prv.h, Line: 52 #include "rba_I2C.h" ignored--file not found.
File: B:\workspace\RhapsodyTr\Mcal\rba_I2C\rba_I2C\rba_I2C\src\rba_I2C_Prv.h, Line: 95 #include  ignored--bad filename delimiter.
File: B:\workspace\RhapsodyTr\Mcal\rba_I2C\rba_I2C\rba_I2C\src\rba_I2C_Prv.h, Line: 120 #include  ignored--bad filename delimiter.
File: B:\workspace\RhapsodyTr\Mcal\rba_I2C\rba_I2C\rba_I2C\src\rba_I2C_Prv.h, Line: 123 #include  ignored--bad filename delimiter.
File: B:\workspace\RhapsodyTr\Mcal\rba_I2C\rba_I2C\rba_I2C\src\rba_I2C_Prv.h, Line: 127 #include  ignored--bad filename delimiter.
File: B:\workspace\RhapsodyTr\Mcal\rba_I2C\rba_I2C\rba_I2C\src\rba_I2C_Prv.h, Line: 130 #include  ignored--bad filename delimiter.
File: B:\workspace\RhapsodyTr\Mcal\rba_I2C\rba_I2C\rba_I2C\src\rba_I2C_Prv.h, Line: 168 #include  ignored--bad filename delimiter.
File: B:\workspace\RhapsodyTr\Mcal\rba_I2C\rba_I2C\rba_I2C\src\rba_I2C_Prv.h, Line: 171 #include "rba_I2CIfx.h" ignored--file not found.
File: B:\workspace\RhapsodyTr\Mcal\rba_I2C\rba_I2C\rba_I2C\src\rba_I2C.c, Line: 64 #include "rba_I2C_Cfg_SchM.h" ignored--file not found.
File: B:\workspace\RhapsodyTr\Mcal\rba_I2C\rba_I2C\rba_I2C\src\rba_I2C.c, Line: 67 #include "Det.h" ignored--file not found.
File: B:\workspace\RhapsodyTr\Mcal\rba_I2C\rba_I2C\rba_I2C\src\rba_I2C.c, Line: 78 #include  ignored--bad filename delimiter.
File: B:\workspace\RhapsodyTr\Mcal\rba_I2C\rba_I2C\rba_I2C\src\rba_I2C.c, Line: 117 #include  ignored--bad filename delimiter.
File: B:\workspace\RhapsodyTr\Mcal\rba_I2C\rba_I2C\rba_I2C\src\rba_I2C.c, Line: 120 #include  ignored--bad filename delimiter.
File: B:\workspace\RhapsodyTr\Mcal\rba_I2C\rba_I2C\rba_I2C\src\rba_I2C.c, Line: 132 #include  ignored--bad filename delimiter.
File: B:\workspace\RhapsodyTr\Mcal\rba_I2C\rba_I2C\rba_I2C\src\rba_I2C.c, Line: 155 #include  ignored--bad filename delimiter.
File: B:\workspace\RhapsodyTr\Mcal\rba_I2C\rba_I2C\rba_I2C\src\rba_I2C.c, Line: 822 #include  ignored--bad filename delimiter.

Parsing Summary:
dont-care-loc *** no function  was declared in this context

Collect Macros 'B:/workspace/RhapsodyTr/Mcal/rba_I2C/rba_I2C/rba_I2C/src/rba_I2C_PbCfg.c'
Collect Macros from include file 'B:\workspace\RhapsodyTr\Mcal\rba_I2C\rba_I2C\rba_I2C\src\rba_I2C_Cfg.h'
Collect Macros from include file 'B:\workspace\RhapsodyTr\Mcal\rba_I2C\rba_I2C\rba_I2C\api\rba_I2C_Types.h'
File: B:\workspace\RhapsodyTr\Mcal\rba_I2C\rba_I2C\rba_I2C\api\rba_I2C_Types.h, Line: 52 #include "Mcu.h" ignored--file not found.
File: B:\workspace\RhapsodyTr\Mcal\rba_I2C\rba_I2C\rba_I2C\src\rba_I2C_Cfg.h, Line: 76 #include "rba_I2C_Cfg_MemMap.h" ignored--file not found.
File: B:\workspace\RhapsodyTr\Mcal\rba_I2C\rba_I2C\rba_I2C\src\rba_I2C_Cfg.h, Line: 81 #include "rba_I2C_Cfg_MemMap.h" ignored--file not found.
Collect Macros from include file 'B:\workspace\RhapsodyTr\Mcal\rba_I2C\rba_I2C\rba_I2C\src\rba_I2C_Cfg_Prv.h'
File: B:\workspace\RhapsodyTr\Mcal\rba_I2C\rba_I2C\rba_I2C\src\rba_I2C_PbCfg.c, Line: 51 #include "rba_I2C_Cfg_MemMap.h" ignored--file not found.
File: B:\workspace\RhapsodyTr\Mcal\rba_I2C\rba_I2C\rba_I2C\src\rba_I2C_PbCfg.c, Line: 58 #include "rba_I2C_Cfg_MemMap.h" ignored--file not found.

Collect Macros 'B:/workspace/RhapsodyTr/Mcal/rba_I2C/rba_I2C/rba_I2C/src/rba_I2CIfx.c'
Collect Macros from include file 'B:\workspace\RhapsodyTr\Mcal\rba_I2C\rba_I2C\rba_I2C\api\rba_I2CIfx.h'
File: B:\workspace\RhapsodyTr\Mcal\rba_I2C\rba_I2C\rba_I2C\api\rba_I2CIfx.h, Line: 56 #include "Mcu.h" ignored--file not found.
Collect Macros from include file 'B:\workspace\RhapsodyTr\Mcal\rba_I2C\rba_I2C\rba_I2C\api\rba_I2C.h'
File: B:\workspace\RhapsodyTr\Mcal\rba_I2C\rba_I2C\rba_I2C\api\rba_I2C.h, Line: 53 #include "Std_Types.h" ignored--file not found.
Collect Macros from include file 'B:\workspace\RhapsodyTr\Mcal\rba_I2C\rba_I2C\rba_I2C\src\rba_I2C_Cfg.h'
Collect Macros from include file 'B:\workspace\RhapsodyTr\Mcal\rba_I2C\rba_I2C\rba_I2C\api\rba_I2C_Types.h'
File: B:\workspace\RhapsodyTr\Mcal\rba_I2C\rba_I2C\rba_I2C\api\rba_I2C_Types.h, Line: 52 #include "Mcu.h" ignored--file not found.
File: B:\workspace\RhapsodyTr\Mcal\rba_I2C\rba_I2C\rba_I2C\src\rba_I2C_Cfg.h, Line: 76 #include "rba_I2C_Cfg_MemMap.h" ignored--file not found.
File: B:\workspace\RhapsodyTr\Mcal\rba_I2C\rba_I2C\rba_I2C\src\rba_I2C_Cfg.h, Line: 81 #include "rba_I2C_Cfg_MemMap.h" ignored--file not found.
File: B:\workspace\RhapsodyTr\Mcal\rba_I2C\rba_I2C\rba_I2C\api\rba_I2C.h, Line: 173 #include "rba_I2C_Cfg_MemMap.h" ignored--file not found.
File: B:\workspace\RhapsodyTr\Mcal\rba_I2C\rba_I2C\rba_I2C\api\rba_I2C.h, Line: 183 #include "rba_I2C_Cfg_MemMap.h" ignored--file not found.
Collect Macros from include file 'B:\workspace\RhapsodyTr\Mcal\rba_I2C\rba_I2C\rba_I2C\src\rba_I2C_Prv.h'
Collect Macros from include file 'B:\workspace\RhapsodyTr\Mcal\rba_I2C\rba_I2C\rba_I2C\api\rba_I2C.h'
File: B:\workspace\RhapsodyTr\Mcal\rba_I2C\rba_I2C\rba_I2C\src\rba_I2C_Prv.h, Line: 95 #include "rba_I2C_Cfg_MemMap.h" ignored--file not found.
File: B:\workspace\RhapsodyTr\Mcal\rba_I2C\rba_I2C\rba_I2C\src\rba_I2C_Prv.h, Line: 120 #include "rba_I2C_Cfg_MemMap.h" ignored--file not found.
File: B:\workspace\RhapsodyTr\Mcal\rba_I2C\rba_I2C\rba_I2C\src\rba_I2C_Prv.h, Line: 123 #include "rba_I2C_Cfg_MemMap.h" ignored--file not found.
File: B:\workspace\RhapsodyTr\Mcal\rba_I2C\rba_I2C\rba_I2C\src\rba_I2C_Prv.h, Line: 127 #include "rba_I2C_Cfg_MemMap.h" ignored--file not found.
File: B:\workspace\RhapsodyTr\Mcal\rba_I2C\rba_I2C\rba_I2C\src\rba_I2C_Prv.h, Line: 130 #include "rba_I2C_Cfg_MemMap.h" ignored--file not found.
File: B:\workspace\RhapsodyTr\Mcal\rba_I2C\rba_I2C\rba_I2C\src\rba_I2C_Prv.h, Line: 168 #include "rba_I2C_Cfg_MemMap.h" ignored--file not found.
Collect Macros from include file 'B:\workspace\RhapsodyTr\Mcal\rba_I2C\rba_I2C\rba_I2C\api\rba_I2CIfx.h'
File: B:\workspace\RhapsodyTr\Mcal\rba_I2C\rba_I2C\rba_I2C\api\rba_I2CIfx.h, Line: 64 #include  ignored--bad filename delimiter.
File: B:\workspace\RhapsodyTr\Mcal\rba_I2C\rba_I2C\rba_I2C\api\rba_I2CIfx.h, Line: 67 #include "Det.h" ignored--file not found.
File: B:\workspace\RhapsodyTr\Mcal\rba_I2C\rba_I2C\rba_I2C\api\rba_I2CIfx.h, Line: 193 #include "rba_I2C_Cfg_MemMap.h" ignored--file not found.
File: B:\workspace\RhapsodyTr\Mcal\rba_I2C\rba_I2C\rba_I2C\api\rba_I2CIfx.h, Line: 196 #include "rba_I2C_Cfg_MemMap.h" ignored--file not found.
File: B:\workspace\RhapsodyTr\Mcal\rba_I2C\rba_I2C\rba_I2C\api\rba_I2CIfx.h, Line: 199 #include "rba_I2C_Cfg_MemMap.h" ignored--file not found.
File: B:\workspace\RhapsodyTr\Mcal\rba_I2C\rba_I2C\rba_I2C\api\rba_I2CIfx.h, Line: 202 #include "rba_I2C_Cfg_MemMap.h" ignored--file not found.
File: B:\workspace\RhapsodyTr\Mcal\rba_I2C\rba_I2C\rba_I2C\api\rba_I2CIfx.h, Line: 205 #include "rba_I2C_Cfg_MemMap.h" ignored--file not found.
File: B:\workspace\RhapsodyTr\Mcal\rba_I2C\rba_I2C\rba_I2C\api\rba_I2CIfx.h, Line: 220 #include "rba_I2C_Cfg_MemMap.h" ignored--file not found.
File: B:\workspace\RhapsodyTr\Mcal\rba_I2C\rba_I2C\rba_I2C\src\rba_I2CIfx.c, Line: 56 #include "rba_BswSrv.h" ignored--file not found.
File: B:\workspace\RhapsodyTr\Mcal\rba_I2C\rba_I2C\rba_I2C\src\rba_I2CIfx.c, Line: 57 #include "rba_I2C_Cfg_SchM.h" ignored--file not found.
File: B:\workspace\RhapsodyTr\Mcal\rba_I2C\rba_I2C\rba_I2C\src\rba_I2CIfx.c, Line: 61 #include "Det.h" ignored--file not found.
File: B:\workspace\RhapsodyTr\Mcal\rba_I2C\rba_I2C\rba_I2C\src\rba_I2CIfx.c, Line: 74 #include "rba_I2C_Cfg_MemMap.h" ignored--file not found.
File: B:\workspace\RhapsodyTr\Mcal\rba_I2C\rba_I2C\rba_I2C\src\rba_I2CIfx.c, Line: 79 #include "rba_I2C_Cfg_MemMap.h" ignored--file not found.
File: B:\workspace\RhapsodyTr\Mcal\rba_I2C\rba_I2C\rba_I2C\src\rba_I2CIfx.c, Line: 82 #include "rba_I2C_Cfg_MemMap.h" ignored--file not found.
File: B:\workspace\RhapsodyTr\Mcal\rba_I2C\rba_I2C\rba_I2C\src\rba_I2CIfx.c, Line: 93 #include "rba_I2C_Cfg_MemMap.h" ignored--file not found.
File: B:\workspace\RhapsodyTr\Mcal\rba_I2C\rba_I2C\rba_I2C\src\rba_I2CIfx.c, Line: 116 #include "rba_I2C_Cfg_MemMap.h" ignored--file not found.
File: B:\workspace\RhapsodyTr\Mcal\rba_I2C\rba_I2C\rba_I2C\src\rba_I2CIfx.c, Line: 822 #include "rba_I2C_Cfg_MemMap.h" ignored--file not found.

Parsing Summary:
dont-care-loc *** no function  was declared in this context

Collect Macros 'B:/workspace/RhapsodyTr/Mcal/rba_I2C/rba_I2C/rba_I2C/src/rba_I2CIfx_Isr.c'
Collect Macros from include file 'B:\workspace\RhapsodyTr\Mcal\rba_I2C\rba_I2C\rba_I2C\api\rba_I2CIfx.h'
File: B:\workspace\RhapsodyTr\Mcal\rba_I2C\rba_I2C\rba_I2C\api\rba_I2CIfx.h, Line: 56 #include "Mcu.h" ignored--file not found.
Collect Macros from include file 'B:\workspace\RhapsodyTr\Mcal\rba_I2C\rba_I2C\rba_I2C\api\rba_I2C.h'
File: B:\workspace\RhapsodyTr\Mcal\rba_I2C\rba_I2C\rba_I2C\api\rba_I2C.h, Line: 53 #include "Std_Types.h" ignored--file not found.
Collect Macros from include file 'B:\workspace\RhapsodyTr\Mcal\rba_I2C\rba_I2C\rba_I2C\src\rba_I2C_Cfg.h'
Collect Macros from include file 'B:\workspace\RhapsodyTr\Mcal\rba_I2C\rba_I2C\rba_I2C\api\rba_I2C_Types.h'
File: B:\workspace\RhapsodyTr\Mcal\rba_I2C\rba_I2C\rba_I2C\api\rba_I2C_Types.h, Line: 52 #include "Mcu.h" ignored--file not found.
File: B:\workspace\RhapsodyTr\Mcal\rba_I2C\rba_I2C\rba_I2C\src\rba_I2C_Cfg.h, Line: 76 #include "rba_I2C_Cfg_MemMap.h" ignored--file not found.
File: B:\workspace\RhapsodyTr\Mcal\rba_I2C\rba_I2C\rba_I2C\src\rba_I2C_Cfg.h, Line: 81 #include "rba_I2C_Cfg_MemMap.h" ignored--file not found.
File: B:\workspace\RhapsodyTr\Mcal\rba_I2C\rba_I2C\rba_I2C\api\rba_I2C.h, Line: 173 #include "rba_I2C_Cfg_MemMap.h" ignored--file not found.
File: B:\workspace\RhapsodyTr\Mcal\rba_I2C\rba_I2C\rba_I2C\api\rba_I2C.h, Line: 183 #include "rba_I2C_Cfg_MemMap.h" ignored--file not found.
Collect Macros from include file 'B:\workspace\RhapsodyTr\Mcal\rba_I2C\rba_I2C\rba_I2C\src\rba_I2C_Prv.h'
Collect Macros from include file 'B:\workspace\RhapsodyTr\Mcal\rba_I2C\rba_I2C\rba_I2C\api\rba_I2C.h'
File: B:\workspace\RhapsodyTr\Mcal\rba_I2C\rba_I2C\rba_I2C\src\rba_I2C_Prv.h, Line: 95 #include "rba_I2C_Cfg_MemMap.h" ignored--file not found.
File: B:\workspace\RhapsodyTr\Mcal\rba_I2C\rba_I2C\rba_I2C\src\rba_I2C_Prv.h, Line: 120 #include "rba_I2C_Cfg_MemMap.h" ignored--file not found.
File: B:\workspace\RhapsodyTr\Mcal\rba_I2C\rba_I2C\rba_I2C\src\rba_I2C_Prv.h, Line: 123 #include "rba_I2C_Cfg_MemMap.h" ignored--file not found.
File: B:\workspace\RhapsodyTr\Mcal\rba_I2C\rba_I2C\rba_I2C\src\rba_I2C_Prv.h, Line: 127 #include "rba_I2C_Cfg_MemMap.h" ignored--file not found.
File: B:\workspace\RhapsodyTr\Mcal\rba_I2C\rba_I2C\rba_I2C\src\rba_I2C_Prv.h, Line: 130 #include "rba_I2C_Cfg_MemMap.h" ignored--file not found.
File: B:\workspace\RhapsodyTr\Mcal\rba_I2C\rba_I2C\rba_I2C\src\rba_I2C_Prv.h, Line: 168 #include "rba_I2C_Cfg_MemMap.h" ignored--file not found.
Collect Macros from include file 'B:\workspace\RhapsodyTr\Mcal\rba_I2C\rba_I2C\rba_I2C\api\rba_I2CIfx.h'
File: B:\workspace\RhapsodyTr\Mcal\rba_I2C\rba_I2C\rba_I2C\api\rba_I2CIfx.h, Line: 64 #include  ignored--bad filename delimiter.
File: B:\workspace\RhapsodyTr\Mcal\rba_I2C\rba_I2C\rba_I2C\api\rba_I2CIfx.h, Line: 67 #include "Det.h" ignored--file not found.
File: B:\workspace\RhapsodyTr\Mcal\rba_I2C\rba_I2C\rba_I2C\api\rba_I2CIfx.h, Line: 193 #include "rba_I2C_Cfg_MemMap.h" ignored--file not found.
File: B:\workspace\RhapsodyTr\Mcal\rba_I2C\rba_I2C\rba_I2C\api\rba_I2CIfx.h, Line: 196 #include "rba_I2C_Cfg_MemMap.h" ignored--file not found.
File: B:\workspace\RhapsodyTr\Mcal\rba_I2C\rba_I2C\rba_I2C\api\rba_I2CIfx.h, Line: 199 #include "rba_I2C_Cfg_MemMap.h" ignored--file not found.
File: B:\workspace\RhapsodyTr\Mcal\rba_I2C\rba_I2C\rba_I2C\api\rba_I2CIfx.h, Line: 202 #include "rba_I2C_Cfg_MemMap.h" ignored--file not found.
File: B:\workspace\RhapsodyTr\Mcal\rba_I2C\rba_I2C\rba_I2C\api\rba_I2CIfx.h, Line: 205 #include "rba_I2C_Cfg_MemMap.h" ignored--file not found.
File: B:\workspace\RhapsodyTr\Mcal\rba_I2C\rba_I2C\rba_I2C\api\rba_I2CIfx.h, Line: 220 #include "rba_I2C_Cfg_MemMap.h" ignored--file not found.
File: B:\workspace\RhapsodyTr\Mcal\rba_I2C\rba_I2C\rba_I2C\src\rba_I2CIfx_Isr.c, Line: 55 #include "Det.h" ignored--file not found.
File: B:\workspace\RhapsodyTr\Mcal\rba_I2C\rba_I2C\rba_I2C\src\rba_I2CIfx_Isr.c, Line: 74 #include "rba_I2C_Cfg_MemMap.h" ignored--file not found.
File: B:\workspace\RhapsodyTr\Mcal\rba_I2C\rba_I2C\rba_I2C\src\rba_I2CIfx_Isr.c, Line: 591 #include "rba_I2C_Cfg_MemMap.h" ignored--file not found.

Parsing Summary:
dont-care-loc *** no function  was declared in this context

Collect Macros 'B:/workspace/RhapsodyTr/Mcal/rba_I2C/rba_I2C/rba_I2C/src/rba_I2CJdp.c'
Collect Macros from include file 'B:\workspace\RhapsodyTr\Mcal\rba_I2C\rba_I2C\rba_I2C\api\rba_I2CJdp.h'
File: B:\workspace\RhapsodyTr\Mcal\rba_I2C\rba_I2C\rba_I2C\api\rba_I2CJdp.h, Line: 58 #include "Mcu.h" ignored--file not found.

Collect Macros 'B:/workspace/RhapsodyTr/Mcal/rba_I2C/rba_I2C/rba_I2C/src/rba_I2CJdp_Isr.c'
Collect Macros from include file 'B:\workspace\RhapsodyTr\Mcal\rba_I2C\rba_I2C\rba_I2C\api\rba_I2CJdp.h'
File: B:\workspace\RhapsodyTr\Mcal\rba_I2C\rba_I2C\rba_I2C\api\rba_I2CJdp.h, Line: 58 #include "Mcu.h" ignored--file not found.

Collect Macros 'B:/workspace/RhapsodyTr/Mcal/rba_I2C/rba_I2C/rba_I2C/api/rba_I2C.h'
File: B:\workspace\RhapsodyTr\Mcal\rba_I2C\rba_I2C\rba_I2C\api\rba_I2C.h, Line: 53 #include "Std_Types.h" ignored--file not found.
File: B:\workspace\RhapsodyTr\Mcal\rba_I2C\rba_I2C\rba_I2C\api\rba_I2C.h, Line: 54 #include "rba_I2C_Cfg.h" ignored--file not found.
File: B:\workspace\RhapsodyTr\Mcal\rba_I2C\rba_I2C\rba_I2C\api\rba_I2C.h, Line: 173 #include  ignored--bad filename delimiter.
File: B:\workspace\RhapsodyTr\Mcal\rba_I2C\rba_I2C\rba_I2C\api\rba_I2C.h, Line: 183 #include  ignored--bad filename delimiter.

Collect Macros 'B:/workspace/RhapsodyTr/Mcal/rba_I2C/rba_I2C/rba_I2C/api/rba_I2C_Types.h'
File: B:\workspace\RhapsodyTr\Mcal\rba_I2C\rba_I2C\rba_I2C\api\rba_I2C_Types.h, Line: 52 #include "Mcu.h" ignored--file not found.

Collect Macros 'B:/workspace/RhapsodyTr/Mcal/rba_I2C/rba_I2C/rba_I2C/api/rba_I2CIfx.h'
File: B:\workspace\RhapsodyTr\Mcal\rba_I2C\rba_I2C\rba_I2C\api\rba_I2CIfx.h, Line: 56 #include "Mcu.h" ignored--file not found.
Collect Macros from include file 'B:\workspace\RhapsodyTr\Mcal\rba_I2C\rba_I2C\rba_I2C\api\rba_I2C.h'
File: B:\workspace\RhapsodyTr\Mcal\rba_I2C\rba_I2C\rba_I2C\api\rba_I2C.h, Line: 53 #include "Std_Types.h" ignored--file not found.
Collect Macros from include file 'B:\workspace\RhapsodyTr\Mcal\rba_I2C\rba_I2C\rba_I2C\src\rba_I2C_Cfg.h'
Collect Macros from include file 'B:\workspace\RhapsodyTr\Mcal\rba_I2C\rba_I2C\rba_I2C\api\rba_I2C_Types.h'
File: B:\workspace\RhapsodyTr\Mcal\rba_I2C\rba_I2C\rba_I2C\api\rba_I2C_Types.h, Line: 52 #include "Mcu.h" ignored--file not found.
File: B:\workspace\RhapsodyTr\Mcal\rba_I2C\rba_I2C\rba_I2C\src\rba_I2C_Cfg.h, Line: 76 #include "rba_I2C_Cfg_MemMap.h" ignored--file not found.
File: B:\workspace\RhapsodyTr\Mcal\rba_I2C\rba_I2C\rba_I2C\src\rba_I2C_Cfg.h, Line: 81 #include "rba_I2C_Cfg_MemMap.h" ignored--file not found.
File: B:\workspace\RhapsodyTr\Mcal\rba_I2C\rba_I2C\rba_I2C\api\rba_I2C.h, Line: 173 #include "rba_I2C_Cfg_MemMap.h" ignored--file not found.
File: B:\workspace\RhapsodyTr\Mcal\rba_I2C\rba_I2C\rba_I2C\api\rba_I2C.h, Line: 183 #include "rba_I2C_Cfg_MemMap.h" ignored--file not found.
Collect Macros from include file 'B:\workspace\RhapsodyTr\Mcal\rba_I2C\rba_I2C\rba_I2C\src\rba_I2C_Prv.h'
Collect Macros from include file 'B:\workspace\RhapsodyTr\Mcal\rba_I2C\rba_I2C\rba_I2C\api\rba_I2C.h'
File: B:\workspace\RhapsodyTr\Mcal\rba_I2C\rba_I2C\rba_I2C\src\rba_I2C_Prv.h, Line: 95 #include "rba_I2C_Cfg_MemMap.h" ignored--file not found.
File: B:\workspace\RhapsodyTr\Mcal\rba_I2C\rba_I2C\rba_I2C\src\rba_I2C_Prv.h, Line: 120 #include "rba_I2C_Cfg_MemMap.h" ignored--file not found.
File: B:\workspace\RhapsodyTr\Mcal\rba_I2C\rba_I2C\rba_I2C\src\rba_I2C_Prv.h, Line: 123 #include "rba_I2C_Cfg_MemMap.h" ignored--file not found.
File: B:\workspace\RhapsodyTr\Mcal\rba_I2C\rba_I2C\rba_I2C\src\rba_I2C_Prv.h, Line: 127 #include "rba_I2C_Cfg_MemMap.h" ignored--file not found.
File: B:\workspace\RhapsodyTr\Mcal\rba_I2C\rba_I2C\rba_I2C\src\rba_I2C_Prv.h, Line: 130 #include "rba_I2C_Cfg_MemMap.h" ignored--file not found.
File: B:\workspace\RhapsodyTr\Mcal\rba_I2C\rba_I2C\rba_I2C\src\rba_I2C_Prv.h, Line: 168 #include "rba_I2C_Cfg_MemMap.h" ignored--file not found.
Collect Macros from include file 'B:\workspace\RhapsodyTr\Mcal\rba_I2C\rba_I2C\rba_I2C\api\rba_I2CIfx.h'
File: B:\workspace\RhapsodyTr\Mcal\rba_I2C\rba_I2C\rba_I2C\api\rba_I2CIfx.h, Line: 64 #include  ignored--bad filename delimiter.
File: B:\workspace\RhapsodyTr\Mcal\rba_I2C\rba_I2C\rba_I2C\api\rba_I2CIfx.h, Line: 67 #include "Det.h" ignored--file not found.
File: B:\workspace\RhapsodyTr\Mcal\rba_I2C\rba_I2C\rba_I2C\api\rba_I2CIfx.h, Line: 193 #include "rba_I2C_Cfg_MemMap.h" ignored--file not found.
File: B:\workspace\RhapsodyTr\Mcal\rba_I2C\rba_I2C\rba_I2C\api\rba_I2CIfx.h, Line: 196 #include "rba_I2C_Cfg_MemMap.h" ignored--file not found.
File: B:\workspace\RhapsodyTr\Mcal\rba_I2C\rba_I2C\rba_I2C\api\rba_I2CIfx.h, Line: 199 #include "rba_I2C_Cfg_MemMap.h" ignored--file not found.
File: B:\workspace\RhapsodyTr\Mcal\rba_I2C\rba_I2C\rba_I2C\api\rba_I2CIfx.h, Line: 202 #include "rba_I2C_Cfg_MemMap.h" ignored--file not found.
File: B:\workspace\RhapsodyTr\Mcal\rba_I2C\rba_I2C\rba_I2C\api\rba_I2CIfx.h, Line: 205 #include "rba_I2C_Cfg_MemMap.h" ignored--file not found.
File: B:\workspace\RhapsodyTr\Mcal\rba_I2C\rba_I2C\rba_I2C\api\rba_I2CIfx.h, Line: 220 #include "rba_I2C_Cfg_MemMap.h" ignored--file not found.

Parsing Summary:
dont-care-loc *** no function  was declared in this context

Collect Macros 'B:/workspace/RhapsodyTr/Mcal/rba_I2C/rba_I2C/rba_I2C/api/rba_I2CJdp.h'
File: B:\workspace\RhapsodyTr\Mcal\rba_I2C\rba_I2C\rba_I2C\api\rba_I2CJdp.h, Line: 58 #include "Mcu.h" ignored--file not found.

Collect Macros 'B:/workspace/RhapsodyTr/Mcal/rba_I2C/rba_I2C/rba_I2C/src/rba_I2C_Cfg.h'
Collect Macros from include file 'B:\workspace\RhapsodyTr\Mcal\rba_I2C\rba_I2C\rba_I2C\api\rba_I2C_Types.h'
File: B:\workspace\RhapsodyTr\Mcal\rba_I2C\rba_I2C\rba_I2C\api\rba_I2C_Types.h, Line: 52 #include "Mcu.h" ignored--file not found.
File: B:\workspace\RhapsodyTr\Mcal\rba_I2C\rba_I2C\rba_I2C\src\rba_I2C_Cfg.h, Line: 76 #include "rba_I2C_Cfg_MemMap.h" ignored--file not found.
File: B:\workspace\RhapsodyTr\Mcal\rba_I2C\rba_I2C\rba_I2C\src\rba_I2C_Cfg.h, Line: 81 #include "rba_I2C_Cfg_MemMap.h" ignored--file not found.

Collect Macros 'B:/workspace/RhapsodyTr/Mcal/rba_I2C/rba_I2C/rba_I2C/src/rba_I2C_Cfg_Prv.h'

Collect Macros 'B:/workspace/RhapsodyTr/Mcal/rba_I2C/rba_I2C/rba_I2C/src/rba_I2C_Prv.h'
Collect Macros from include file 'B:\workspace\RhapsodyTr\Mcal\rba_I2C\rba_I2C\rba_I2C\api\rba_I2C.h'
File: B:\workspace\RhapsodyTr\Mcal\rba_I2C\rba_I2C\rba_I2C\api\rba_I2C.h, Line: 53 #include "Std_Types.h" ignored--file not found.
Collect Macros from include file 'B:\workspace\RhapsodyTr\Mcal\rba_I2C\rba_I2C\rba_I2C\src\rba_I2C_Cfg.h'
Collect Macros from include file 'B:\workspace\RhapsodyTr\Mcal\rba_I2C\rba_I2C\rba_I2C\api\rba_I2C_Types.h'
File: B:\workspace\RhapsodyTr\Mcal\rba_I2C\rba_I2C\rba_I2C\api\rba_I2C_Types.h, Line: 52 #include "Mcu.h" ignored--file not found.
File: B:\workspace\RhapsodyTr\Mcal\rba_I2C\rba_I2C\rba_I2C\src\rba_I2C_Cfg.h, Line: 76 #include "rba_I2C_Cfg_MemMap.h" ignored--file not found.
File: B:\workspace\RhapsodyTr\Mcal\rba_I2C\rba_I2C\rba_I2C\src\rba_I2C_Cfg.h, Line: 81 #include "rba_I2C_Cfg_MemMap.h" ignored--file not found.
File: B:\workspace\RhapsodyTr\Mcal\rba_I2C\rba_I2C\rba_I2C\api\rba_I2C.h, Line: 173 #include "rba_I2C_Cfg_MemMap.h" ignored--file not found.
File: B:\workspace\RhapsodyTr\Mcal\rba_I2C\rba_I2C\rba_I2C\api\rba_I2C.h, Line: 183 #include "rba_I2C_Cfg_MemMap.h" ignored--file not found.
File: B:\workspace\RhapsodyTr\Mcal\rba_I2C\rba_I2C\rba_I2C\src\rba_I2C_Prv.h, Line: 95 #include "rba_I2C_Cfg_MemMap.h" ignored--file not found.
File: B:\workspace\RhapsodyTr\Mcal\rba_I2C\rba_I2C\rba_I2C\src\rba_I2C_Prv.h, Line: 120 #include "rba_I2C_Cfg_MemMap.h" ignored--file not found.
File: B:\workspace\RhapsodyTr\Mcal\rba_I2C\rba_I2C\rba_I2C\src\rba_I2C_Prv.h, Line: 123 #include "rba_I2C_Cfg_MemMap.h" ignored--file not found.
File: B:\workspace\RhapsodyTr\Mcal\rba_I2C\rba_I2C\rba_I2C\src\rba_I2C_Prv.h, Line: 127 #include "rba_I2C_Cfg_MemMap.h" ignored--file not found.
File: B:\workspace\RhapsodyTr\Mcal\rba_I2C\rba_I2C\rba_I2C\src\rba_I2C_Prv.h, Line: 130 #include "rba_I2C_Cfg_MemMap.h" ignored--file not found.
File: B:\workspace\RhapsodyTr\Mcal\rba_I2C\rba_I2C\rba_I2C\src\rba_I2C_Prv.h, Line: 168 #include "rba_I2C_Cfg_MemMap.h" ignored--file not found.
Collect Macros from include file 'B:\workspace\RhapsodyTr\Mcal\rba_I2C\rba_I2C\rba_I2C\api\rba_I2CIfx.h'
File: B:\workspace\RhapsodyTr\Mcal\rba_I2C\rba_I2C\rba_I2C\api\rba_I2CIfx.h, Line: 56 #include "Mcu.h" ignored--file not found.
Collect Macros from include file 'B:\workspace\RhapsodyTr\Mcal\rba_I2C\rba_I2C\rba_I2C\api\rba_I2C.h'
Collect Macros from include file 'B:\workspace\RhapsodyTr\Mcal\rba_I2C\rba_I2C\rba_I2C\src\rba_I2C_Prv.h'
File: B:\workspace\RhapsodyTr\Mcal\rba_I2C\rba_I2C\rba_I2C\api\rba_I2CIfx.h, Line: 64 #include  ignored--bad filename delimiter.
File: B:\workspace\RhapsodyTr\Mcal\rba_I2C\rba_I2C\rba_I2C\api\rba_I2CIfx.h, Line: 67 #include "Det.h" ignored--file not found.
File: B:\workspace\RhapsodyTr\Mcal\rba_I2C\rba_I2C\rba_I2C\api\rba_I2CIfx.h, Line: 193 #include "rba_I2C_Cfg_MemMap.h" ignored--file not found.
File: B:\workspace\RhapsodyTr\Mcal\rba_I2C\rba_I2C\rba_I2C\api\rba_I2CIfx.h, Line: 196 #include "rba_I2C_Cfg_MemMap.h" ignored--file not found.
File: B:\workspace\RhapsodyTr\Mcal\rba_I2C\rba_I2C\rba_I2C\api\rba_I2CIfx.h, Line: 199 #include "rba_I2C_Cfg_MemMap.h" ignored--file not found.
File: B:\workspace\RhapsodyTr\Mcal\rba_I2C\rba_I2C\rba_I2C\api\rba_I2CIfx.h, Line: 202 #include "rba_I2C_Cfg_MemMap.h" ignored--file not found.
File: B:\workspace\RhapsodyTr\Mcal\rba_I2C\rba_I2C\rba_I2C\api\rba_I2CIfx.h, Line: 205 #include "rba_I2C_Cfg_MemMap.h" ignored--file not found.
File: B:\workspace\RhapsodyTr\Mcal\rba_I2C\rba_I2C\rba_I2C\api\rba_I2CIfx.h, Line: 220 #include "rba_I2C_Cfg_MemMap.h" ignored--file not found.

Parsing Summary:
dont-care-loc *** no function  was declared in this context

Collect Macros Done. See detailed report in the log file.


Reverse Engineering 'B:/workspace/RhapsodyTr/Mcal/rba_I2C/rba_I2C/rba_I2C/src/rba_I2C.c'
Reverse Engineering include file 'B:\workspace\RhapsodyTr\Mcal\rba_I2C\rba_I2C\rba_I2C\api\rba_I2C.h'
Adding package 'rba_I2c' to project 'rba_I2c_dSD'. ok.
Adding file 'rba_I2C' to package 'rba_I2c'. ok.
File: B:\workspace\RhapsodyTr\Mcal\rba_I2C\rba_I2C\rba_I2C\api\rba_I2C.h, Line: 53 #include "Std_Types.h" ignored--file not found.
Reverse Engineering include file 'B:\workspace\RhapsodyTr\Mcal\rba_I2C\rba_I2C\rba_I2C\src\rba_I2C_Cfg.h'
Adding file 'rba_I2C_Cfg' to package 'rba_I2c'. ok.
Reverse Engineering include file 'B:\workspace\RhapsodyTr\Mcal\rba_I2C\rba_I2C\rba_I2C\api\rba_I2C_Types.h'
Adding file 'rba_I2C_Types' to package 'rba_I2c'. ok.
File: B:\workspace\RhapsodyTr\Mcal\rba_I2C\rba_I2C\rba_I2C\api\rba_I2C_Types.h, Line: 52 #include "Mcu.h" ignored--file not found.
Analyzing struct 'anonymous-class-at-"B:/workspace/RhapsodyTr/Mcal/rba_I2C/rba_I2C/rba_I2C/api/rba_I2C_Types.h":LINE 130.9' from File: B:\workspace\RhapsodyTr\Mcal\rba_I2C\rba_I2C\rba_I2C\api\rba_I2C_Types.h, Line: 130
Analyzing struct 'anonymous-class-at-"B:/workspace/RhapsodyTr/Mcal/rba_I2C/rba_I2C/rba_I2C/api/rba_I2C_Types.h":LINE 137.9' from File: B:\workspace\RhapsodyTr\Mcal\rba_I2C\rba_I2C\rba_I2C\api\rba_I2C_Types.h, Line: 137
Analyzing struct 'anonymous-class-at-"B:/workspace/RhapsodyTr/Mcal/rba_I2C/rba_I2C/rba_I2C/api/rba_I2C_Types.h":LINE 148.9' from File: B:\workspace\RhapsodyTr\Mcal\rba_I2C\rba_I2C\rba_I2C\api\rba_I2C_Types.h, Line: 148
Analyzing struct 'anonymous-class-at-"B:/workspace/RhapsodyTr/Mcal/rba_I2C/rba_I2C/rba_I2C/api/rba_I2C_Types.h":LINE 157.9' from File: B:\workspace\RhapsodyTr\Mcal\rba_I2C\rba_I2C\rba_I2C\api\rba_I2C_Types.h, Line: 157
File: B:\workspace\RhapsodyTr\Mcal\rba_I2C\rba_I2C\rba_I2C\src\rba_I2C_Cfg.h, Line: 76 #include "rba_I2C_Cfg_MemMap.h" ignored--file not found.
File: B:\workspace\RhapsodyTr\Mcal\rba_I2C\rba_I2C\rba_I2C\src\rba_I2C_Cfg.h, Line: 81 #include "rba_I2C_Cfg_MemMap.h" ignored--file not found.
File: B:\workspace\RhapsodyTr\Mcal\rba_I2C\rba_I2C\rba_I2C\api\rba_I2C.h, Line: 173 #include "rba_I2C_Cfg_MemMap.h" ignored--file not found.
Analyzing struct 'anonymous-class-at-"B:/workspace/RhapsodyTr/Mcal/rba_I2C/rba_I2C/rba_I2C/api/rba_I2C_Types.h":LINE 166.9' from File: B:\workspace\RhapsodyTr\Mcal\rba_I2C\rba_I2C\rba_I2C\api\rba_I2C_Types.h, Line: 166
File: B:\workspace\RhapsodyTr\Mcal\rba_I2C\rba_I2C\rba_I2C\api\rba_I2C.h, Line: 183 #include "rba_I2C_Cfg_MemMap.h" ignored--file not found.
Reverse Engineering include file 'B:\workspace\RhapsodyTr\Mcal\rba_I2C\rba_I2C\rba_I2C\src\rba_I2C_Prv.h'
Adding file 'rba_I2C_Prv' to package 'rba_I2c'. ok.
Reverse Engineering include file 'B:\workspace\RhapsodyTr\Mcal\rba_I2C\rba_I2C\rba_I2C\api\rba_I2C.h'
File: B:\workspace\RhapsodyTr\Mcal\rba_I2C\rba_I2C\rba_I2C\src\rba_I2C_Prv.h, Line: 95 #include "rba_I2C_Cfg_MemMap.h" ignored--file not found.
Analyzing struct 'anonymous-class-at-"B:/workspace/RhapsodyTr/Mcal/rba_I2C/rba_I2C/rba_I2C/src/rba_I2C_Prv.h":LINE 81.9' from File: B:\workspace\RhapsodyTr\Mcal\rba_I2C\rba_I2C\rba_I2C\src\rba_I2C_Prv.h, Line: 81
Analyzing struct 'anonymous-class-at-"B:/workspace/RhapsodyTr/Mcal/rba_I2C/rba_I2C/rba_I2C/src/rba_I2C_Prv.h":LINE 98.9' from File: B:\workspace\RhapsodyTr\Mcal\rba_I2C\rba_I2C\rba_I2C\src\rba_I2C_Prv.h, Line: 98
File: B:\workspace\RhapsodyTr\Mcal\rba_I2C\rba_I2C\rba_I2C\src\rba_I2C_Prv.h, Line: 120 #include "rba_I2C_Cfg_MemMap.h" ignored--file not found.
File: B:\workspace\RhapsodyTr\Mcal\rba_I2C\rba_I2C\rba_I2C\src\rba_I2C_Prv.h, Line: 123 #include "rba_I2C_Cfg_MemMap.h" ignored--file not found.
File: B:\workspace\RhapsodyTr\Mcal\rba_I2C\rba_I2C\rba_I2C\src\rba_I2C_Prv.h, Line: 127 #include "rba_I2C_Cfg_MemMap.h" ignored--file not found.
File: B:\workspace\RhapsodyTr\Mcal\rba_I2C\rba_I2C\rba_I2C\src\rba_I2C_Prv.h, Line: 130 #include "rba_I2C_Cfg_MemMap.h" ignored--file not found.
File: B:\workspace\RhapsodyTr\Mcal\rba_I2C\rba_I2C\rba_I2C\src\rba_I2C_Prv.h, Line: 168 #include "rba_I2C_Cfg_MemMap.h" ignored--file not found.
Reverse Engineering include file 'B:\workspace\RhapsodyTr\Mcal\rba_I2C\rba_I2C\rba_I2C\api\rba_I2CIfx.h'
Adding file 'rba_I2CIfx' to package 'rba_I2c'. ok.
File: B:\workspace\RhapsodyTr\Mcal\rba_I2C\rba_I2C\rba_I2C\api\rba_I2CIfx.h, Line: 56 #include "Mcu.h" ignored--file not found.
Reverse Engineering include file 'B:\workspace\RhapsodyTr\Mcal\rba_I2C\rba_I2C\rba_I2C\api\rba_I2C.h'
Reverse Engineering include file 'B:\workspace\RhapsodyTr\Mcal\rba_I2C\rba_I2C\rba_I2C\src\rba_I2C_Prv.h'
File: B:\workspace\RhapsodyTr\Mcal\rba_I2C\rba_I2C\rba_I2C\api\rba_I2CIfx.h, Line: 64 #include  ignored--bad filename delimiter.
File: B:\workspace\RhapsodyTr\Mcal\rba_I2C\rba_I2C\rba_I2C\api\rba_I2CIfx.h, Line: 67 #include "Det.h" ignored--file not found.
File: B:\workspace\RhapsodyTr\Mcal\rba_I2C\rba_I2C\rba_I2C\api\rba_I2CIfx.h, Line: 193 #include "rba_I2C_Cfg_MemMap.h" ignored--file not found.
File: B:\workspace\RhapsodyTr\Mcal\rba_I2C\rba_I2C\rba_I2C\api\rba_I2CIfx.h, Line: 196 #include "rba_I2C_Cfg_MemMap.h" ignored--file not found.
File: B:\workspace\RhapsodyTr\Mcal\rba_I2C\rba_I2C\rba_I2C\api\rba_I2CIfx.h, Line: 199 #include "rba_I2C_Cfg_MemMap.h" ignored--file not found.
File: B:\workspace\RhapsodyTr\Mcal\rba_I2C\rba_I2C\rba_I2C\api\rba_I2CIfx.h, Line: 202 #include "rba_I2C_Cfg_MemMap.h" ignored--file not found.
File: B:\workspace\RhapsodyTr\Mcal\rba_I2C\rba_I2C\rba_I2C\api\rba_I2CIfx.h, Line: 205 #include "rba_I2C_Cfg_MemMap.h" ignored--file not found.
File: B:\workspace\RhapsodyTr\Mcal\rba_I2C\rba_I2C\rba_I2C\api\rba_I2CIfx.h, Line: 220 #include "rba_I2C_Cfg_MemMap.h" ignored--file not found.
File: B:\workspace\RhapsodyTr\Mcal\rba_I2C\rba_I2C\rba_I2C\src\rba_I2C.c, Line: 64 #include "rba_I2C_Cfg_SchM.h" ignored--file not found.
File: B:\workspace\RhapsodyTr\Mcal\rba_I2C\rba_I2C\rba_I2C\src\rba_I2C.c, Line: 67 #include "Det.h" ignored--file not found.
File: B:\workspace\RhapsodyTr\Mcal\rba_I2C\rba_I2C\rba_I2C\src\rba_I2C.c, Line: 78 #include "rba_I2C_Cfg_MemMap.h" ignored--file not found.
File: B:\workspace\RhapsodyTr\Mcal\rba_I2C\rba_I2C\rba_I2C\src\rba_I2C.c, Line: 117 #include "rba_I2C_Cfg_MemMap.h" ignored--file not found.
File: B:\workspace\RhapsodyTr\Mcal\rba_I2C\rba_I2C\rba_I2C\src\rba_I2C.c, Line: 120 #include "rba_I2C_Cfg_MemMap.h" ignored--file not found.
File: B:\workspace\RhapsodyTr\Mcal\rba_I2C\rba_I2C\rba_I2C\src\rba_I2C.c, Line: 132 #include "rba_I2C_Cfg_MemMap.h" ignored--file not found.
File: B:\workspace\RhapsodyTr\Mcal\rba_I2C\rba_I2C\rba_I2C\src\rba_I2C.c, Line: 155 #include "rba_I2C_Cfg_MemMap.h" ignored--file not found.
File: B:\workspace\RhapsodyTr\Mcal\rba_I2C\rba_I2C\rba_I2C\src\rba_I2C.c, Line: 822 #include "rba_I2C_Cfg_MemMap.h" ignored--file not found.

Parsing Summary:
"B:\workspace\RhapsodyTr\Mcal\rba_I2C\rba_I2C\rba_I2C\src\rba_I2C_Prv.h":LINE 139 *** syntax error on input "void"
"B:\workspace\RhapsodyTr\Mcal\rba_I2C\rba_I2C\rba_I2C\src\rba_I2C_Prv.h":LINE 139 *** parsing resumes after ';'
"B:\workspace\RhapsodyTr\Mcal\rba_I2C\rba_I2C\rba_I2C\src\rba_I2C_Prv.h":LINE 139 *** syntax error on input "void"
"B:\workspace\RhapsodyTr\Mcal\rba_I2C\rba_I2C\rba_I2C\src\rba_I2C_Prv.h":LINE 142 *** parsing resumes at '{'
dont-care-loc *** no function  was declared in this context

Reverse Engineering 'B:/workspace/RhapsodyTr/Mcal/rba_I2C/rba_I2C/rba_I2C/src/rba_I2C_PbCfg.c'
Reverse Engineering include file 'B:\workspace\RhapsodyTr\Mcal\rba_I2C\rba_I2C\rba_I2C\src\rba_I2C_Cfg.h'
Reverse Engineering include file 'B:\workspace\RhapsodyTr\Mcal\rba_I2C\rba_I2C\rba_I2C\api\rba_I2C_Types.h'
File: B:\workspace\RhapsodyTr\Mcal\rba_I2C\rba_I2C\rba_I2C\api\rba_I2C_Types.h, Line: 52 #include "Mcu.h" ignored--file not found.
File: B:\workspace\RhapsodyTr\Mcal\rba_I2C\rba_I2C\rba_I2C\src\rba_I2C_Cfg.h, Line: 76 #include "rba_I2C_Cfg_MemMap.h" ignored--file not found.
File: B:\workspace\RhapsodyTr\Mcal\rba_I2C\rba_I2C\rba_I2C\src\rba_I2C_Cfg.h, Line: 81 #include "rba_I2C_Cfg_MemMap.h" ignored--file not found.
Reverse Engineering include file 'B:\workspace\RhapsodyTr\Mcal\rba_I2C\rba_I2C\rba_I2C\src\rba_I2C_Cfg_Prv.h'
Adding file 'rba_I2C_Cfg_Prv' to package 'rba_I2c'. ok.
Adding file 'rba_I2C_PbCfg' to package 'rba_I2c'. ok.
File: B:\workspace\RhapsodyTr\Mcal\rba_I2C\rba_I2C\rba_I2C\src\rba_I2C_PbCfg.c, Line: 51 #include "rba_I2C_Cfg_MemMap.h" ignored--file not found.
File: B:\workspace\RhapsodyTr\Mcal\rba_I2C\rba_I2C\rba_I2C\src\rba_I2C_PbCfg.c, Line: 58 #include "rba_I2C_Cfg_MemMap.h" ignored--file not found.

Reverse Engineering 'B:/workspace/RhapsodyTr/Mcal/rba_I2C/rba_I2C/rba_I2C/src/rba_I2CIfx.c'
Reverse Engineering include file 'B:\workspace\RhapsodyTr\Mcal\rba_I2C\rba_I2C\rba_I2C\api\rba_I2CIfx.h'
File: B:\workspace\RhapsodyTr\Mcal\rba_I2C\rba_I2C\rba_I2C\api\rba_I2CIfx.h, Line: 56 #include "Mcu.h" ignored--file not found.
Reverse Engineering include file 'B:\workspace\RhapsodyTr\Mcal\rba_I2C\rba_I2C\rba_I2C\api\rba_I2C.h'
File: B:\workspace\RhapsodyTr\Mcal\rba_I2C\rba_I2C\rba_I2C\api\rba_I2C.h, Line: 53 #include "Std_Types.h" ignored--file not found.
Reverse Engineering include file 'B:\workspace\RhapsodyTr\Mcal\rba_I2C\rba_I2C\rba_I2C\src\rba_I2C_Cfg.h'
Reverse Engineering include file 'B:\workspace\RhapsodyTr\Mcal\rba_I2C\rba_I2C\rba_I2C\api\rba_I2C_Types.h'
File: B:\workspace\RhapsodyTr\Mcal\rba_I2C\rba_I2C\rba_I2C\api\rba_I2C_Types.h, Line: 52 #include "Mcu.h" ignored--file not found.
File: B:\workspace\RhapsodyTr\Mcal\rba_I2C\rba_I2C\rba_I2C\src\rba_I2C_Cfg.h, Line: 76 #include "rba_I2C_Cfg_MemMap.h" ignored--file not found.
File: B:\workspace\RhapsodyTr\Mcal\rba_I2C\rba_I2C\rba_I2C\src\rba_I2C_Cfg.h, Line: 81 #include "rba_I2C_Cfg_MemMap.h" ignored--file not found.
File: B:\workspace\RhapsodyTr\Mcal\rba_I2C\rba_I2C\rba_I2C\api\rba_I2C.h, Line: 173 #include "rba_I2C_Cfg_MemMap.h" ignored--file not found.
File: B:\workspace\RhapsodyTr\Mcal\rba_I2C\rba_I2C\rba_I2C\api\rba_I2C.h, Line: 183 #include "rba_I2C_Cfg_MemMap.h" ignored--file not found.
Reverse Engineering include file 'B:\workspace\RhapsodyTr\Mcal\rba_I2C\rba_I2C\rba_I2C\src\rba_I2C_Prv.h'
Reverse Engineering include file 'B:\workspace\RhapsodyTr\Mcal\rba_I2C\rba_I2C\rba_I2C\api\rba_I2C.h'
File: B:\workspace\RhapsodyTr\Mcal\rba_I2C\rba_I2C\rba_I2C\src\rba_I2C_Prv.h, Line: 95 #include "rba_I2C_Cfg_MemMap.h" ignored--file not found.
File: B:\workspace\RhapsodyTr\Mcal\rba_I2C\rba_I2C\rba_I2C\src\rba_I2C_Prv.h, Line: 120 #include "rba_I2C_Cfg_MemMap.h" ignored--file not found.
File: B:\workspace\RhapsodyTr\Mcal\rba_I2C\rba_I2C\rba_I2C\src\rba_I2C_Prv.h, Line: 123 #include "rba_I2C_Cfg_MemMap.h" ignored--file not found.
File: B:\workspace\RhapsodyTr\Mcal\rba_I2C\rba_I2C\rba_I2C\src\rba_I2C_Prv.h, Line: 127 #include "rba_I2C_Cfg_MemMap.h" ignored--file not found.
File: B:\workspace\RhapsodyTr\Mcal\rba_I2C\rba_I2C\rba_I2C\src\rba_I2C_Prv.h, Line: 130 #include "rba_I2C_Cfg_MemMap.h" ignored--file not found.
File: B:\workspace\RhapsodyTr\Mcal\rba_I2C\rba_I2C\rba_I2C\src\rba_I2C_Prv.h, Line: 168 #include "rba_I2C_Cfg_MemMap.h" ignored--file not found.
Reverse Engineering include file 'B:\workspace\RhapsodyTr\Mcal\rba_I2C\rba_I2C\rba_I2C\api\rba_I2CIfx.h'
File: B:\workspace\RhapsodyTr\Mcal\rba_I2C\rba_I2C\rba_I2C\api\rba_I2CIfx.h, Line: 64 #include  ignored--bad filename delimiter.
File: B:\workspace\RhapsodyTr\Mcal\rba_I2C\rba_I2C\rba_I2C\api\rba_I2CIfx.h, Line: 67 #include "Det.h" ignored--file not found.
File: B:\workspace\RhapsodyTr\Mcal\rba_I2C\rba_I2C\rba_I2C\api\rba_I2CIfx.h, Line: 193 #include "rba_I2C_Cfg_MemMap.h" ignored--file not found.
File: B:\workspace\RhapsodyTr\Mcal\rba_I2C\rba_I2C\rba_I2C\api\rba_I2CIfx.h, Line: 196 #include "rba_I2C_Cfg_MemMap.h" ignored--file not found.
File: B:\workspace\RhapsodyTr\Mcal\rba_I2C\rba_I2C\rba_I2C\api\rba_I2CIfx.h, Line: 199 #include "rba_I2C_Cfg_MemMap.h" ignored--file not found.
File: B:\workspace\RhapsodyTr\Mcal\rba_I2C\rba_I2C\rba_I2C\api\rba_I2CIfx.h, Line: 202 #include "rba_I2C_Cfg_MemMap.h" ignored--file not found.
File: B:\workspace\RhapsodyTr\Mcal\rba_I2C\rba_I2C\rba_I2C\api\rba_I2CIfx.h, Line: 205 #include "rba_I2C_Cfg_MemMap.h" ignored--file not found.
File: B:\workspace\RhapsodyTr\Mcal\rba_I2C\rba_I2C\rba_I2C\api\rba_I2CIfx.h, Line: 220 #include "rba_I2C_Cfg_MemMap.h" ignored--file not found.
File: B:\workspace\RhapsodyTr\Mcal\rba_I2C\rba_I2C\rba_I2C\src\rba_I2CIfx.c, Line: 56 #include "rba_BswSrv.h" ignored--file not found.
File: B:\workspace\RhapsodyTr\Mcal\rba_I2C\rba_I2C\rba_I2C\src\rba_I2CIfx.c, Line: 57 #include "rba_I2C_Cfg_SchM.h" ignored--file not found.
File: B:\workspace\RhapsodyTr\Mcal\rba_I2C\rba_I2C\rba_I2C\src\rba_I2CIfx.c, Line: 61 #include "Det.h" ignored--file not found.
File: B:\workspace\RhapsodyTr\Mcal\rba_I2C\rba_I2C\rba_I2C\src\rba_I2CIfx.c, Line: 74 #include "rba_I2C_Cfg_MemMap.h" ignored--file not found.
File: B:\workspace\RhapsodyTr\Mcal\rba_I2C\rba_I2C\rba_I2C\src\rba_I2CIfx.c, Line: 79 #include "rba_I2C_Cfg_MemMap.h" ignored--file not found.
File: B:\workspace\RhapsodyTr\Mcal\rba_I2C\rba_I2C\rba_I2C\src\rba_I2CIfx.c, Line: 82 #include "rba_I2C_Cfg_MemMap.h" ignored--file not found.
File: B:\workspace\RhapsodyTr\Mcal\rba_I2C\rba_I2C\rba_I2C\src\rba_I2CIfx.c, Line: 93 #include "rba_I2C_Cfg_MemMap.h" ignored--file not found.
File: B:\workspace\RhapsodyTr\Mcal\rba_I2C\rba_I2C\rba_I2C\src\rba_I2CIfx.c, Line: 116 #include "rba_I2C_Cfg_MemMap.h" ignored--file not found.
File: B:\workspace\RhapsodyTr\Mcal\rba_I2C\rba_I2C\rba_I2C\src\rba_I2CIfx.c, Line: 822 #include "rba_I2C_Cfg_MemMap.h" ignored--file not found.

Parsing Summary:
"B:\workspace\RhapsodyTr\Mcal\rba_I2C\rba_I2C\rba_I2C\src\rba_I2C_Prv.h":LINE 139 *** syntax error on input "void"
"B:\workspace\RhapsodyTr\Mcal\rba_I2C\rba_I2C\rba_I2C\src\rba_I2C_Prv.h":LINE 139 *** parsing resumes after ';'
"B:\workspace\RhapsodyTr\Mcal\rba_I2C\rba_I2C\rba_I2C\src\rba_I2C_Prv.h":LINE 139 *** syntax error on input "void"
"B:\workspace\RhapsodyTr\Mcal\rba_I2C\rba_I2C\rba_I2C\src\rba_I2C_Prv.h":LINE 142 *** parsing resumes at '{'
dont-care-loc *** no function  was declared in this context

Reverse Engineering 'B:/workspace/RhapsodyTr/Mcal/rba_I2C/rba_I2C/rba_I2C/src/rba_I2CIfx_Isr.c'
Reverse Engineering include file 'B:\workspace\RhapsodyTr\Mcal\rba_I2C\rba_I2C\rba_I2C\api\rba_I2CIfx.h'
File: B:\workspace\RhapsodyTr\Mcal\rba_I2C\rba_I2C\rba_I2C\api\rba_I2CIfx.h, Line: 56 #include "Mcu.h" ignored--file not found.
Reverse Engineering include file 'B:\workspace\RhapsodyTr\Mcal\rba_I2C\rba_I2C\rba_I2C\api\rba_I2C.h'
File: B:\workspace\RhapsodyTr\Mcal\rba_I2C\rba_I2C\rba_I2C\api\rba_I2C.h, Line: 53 #include "Std_Types.h" ignored--file not found.
Reverse Engineering include file 'B:\workspace\RhapsodyTr\Mcal\rba_I2C\rba_I2C\rba_I2C\src\rba_I2C_Cfg.h'
Reverse Engineering include file 'B:\workspace\RhapsodyTr\Mcal\rba_I2C\rba_I2C\rba_I2C\api\rba_I2C_Types.h'
File: B:\workspace\RhapsodyTr\Mcal\rba_I2C\rba_I2C\rba_I2C\api\rba_I2C_Types.h, Line: 52 #include "Mcu.h" ignored--file not found.
File: B:\workspace\RhapsodyTr\Mcal\rba_I2C\rba_I2C\rba_I2C\src\rba_I2C_Cfg.h, Line: 76 #include "rba_I2C_Cfg_MemMap.h" ignored--file not found.
File: B:\workspace\RhapsodyTr\Mcal\rba_I2C\rba_I2C\rba_I2C\src\rba_I2C_Cfg.h, Line: 81 #include "rba_I2C_Cfg_MemMap.h" ignored--file not found.
File: B:\workspace\RhapsodyTr\Mcal\rba_I2C\rba_I2C\rba_I2C\api\rba_I2C.h, Line: 173 #include "rba_I2C_Cfg_MemMap.h" ignored--file not found.
File: B:\workspace\RhapsodyTr\Mcal\rba_I2C\rba_I2C\rba_I2C\api\rba_I2C.h, Line: 183 #include "rba_I2C_Cfg_MemMap.h" ignored--file not found.
Reverse Engineering include file 'B:\workspace\RhapsodyTr\Mcal\rba_I2C\rba_I2C\rba_I2C\src\rba_I2C_Prv.h'
Reverse Engineering include file 'B:\workspace\RhapsodyTr\Mcal\rba_I2C\rba_I2C\rba_I2C\api\rba_I2C.h'
File: B:\workspace\RhapsodyTr\Mcal\rba_I2C\rba_I2C\rba_I2C\src\rba_I2C_Prv.h, Line: 95 #include "rba_I2C_Cfg_MemMap.h" ignored--file not found.
File: B:\workspace\RhapsodyTr\Mcal\rba_I2C\rba_I2C\rba_I2C\src\rba_I2C_Prv.h, Line: 120 #include "rba_I2C_Cfg_MemMap.h" ignored--file not found.
File: B:\workspace\RhapsodyTr\Mcal\rba_I2C\rba_I2C\rba_I2C\src\rba_I2C_Prv.h, Line: 123 #include "rba_I2C_Cfg_MemMap.h" ignored--file not found.
File: B:\workspace\RhapsodyTr\Mcal\rba_I2C\rba_I2C\rba_I2C\src\rba_I2C_Prv.h, Line: 127 #include "rba_I2C_Cfg_MemMap.h" ignored--file not found.
File: B:\workspace\RhapsodyTr\Mcal\rba_I2C\rba_I2C\rba_I2C\src\rba_I2C_Prv.h, Line: 130 #include "rba_I2C_Cfg_MemMap.h" ignored--file not found.
File: B:\workspace\RhapsodyTr\Mcal\rba_I2C\rba_I2C\rba_I2C\src\rba_I2C_Prv.h, Line: 168 #include "rba_I2C_Cfg_MemMap.h" ignored--file not found.
Reverse Engineering include file 'B:\workspace\RhapsodyTr\Mcal\rba_I2C\rba_I2C\rba_I2C\api\rba_I2CIfx.h'
File: B:\workspace\RhapsodyTr\Mcal\rba_I2C\rba_I2C\rba_I2C\api\rba_I2CIfx.h, Line: 64 #include  ignored--bad filename delimiter.
File: B:\workspace\RhapsodyTr\Mcal\rba_I2C\rba_I2C\rba_I2C\api\rba_I2CIfx.h, Line: 67 #include "Det.h" ignored--file not found.
File: B:\workspace\RhapsodyTr\Mcal\rba_I2C\rba_I2C\rba_I2C\api\rba_I2CIfx.h, Line: 193 #include "rba_I2C_Cfg_MemMap.h" ignored--file not found.
File: B:\workspace\RhapsodyTr\Mcal\rba_I2C\rba_I2C\rba_I2C\api\rba_I2CIfx.h, Line: 196 #include "rba_I2C_Cfg_MemMap.h" ignored--file not found.
File: B:\workspace\RhapsodyTr\Mcal\rba_I2C\rba_I2C\rba_I2C\api\rba_I2CIfx.h, Line: 199 #include "rba_I2C_Cfg_MemMap.h" ignored--file not found.
File: B:\workspace\RhapsodyTr\Mcal\rba_I2C\rba_I2C\rba_I2C\api\rba_I2CIfx.h, Line: 202 #include "rba_I2C_Cfg_MemMap.h" ignored--file not found.
File: B:\workspace\RhapsodyTr\Mcal\rba_I2C\rba_I2C\rba_I2C\api\rba_I2CIfx.h, Line: 205 #include "rba_I2C_Cfg_MemMap.h" ignored--file not found.
File: B:\workspace\RhapsodyTr\Mcal\rba_I2C\rba_I2C\rba_I2C\api\rba_I2CIfx.h, Line: 220 #include "rba_I2C_Cfg_MemMap.h" ignored--file not found.
File: B:\workspace\RhapsodyTr\Mcal\rba_I2C\rba_I2C\rba_I2C\src\rba_I2CIfx_Isr.c, Line: 55 #include "Det.h" ignored--file not found.
Adding file 'rba_I2CIfx_Isr' to package 'rba_I2c'. ok.
File: B:\workspace\RhapsodyTr\Mcal\rba_I2C\rba_I2C\rba_I2C\src\rba_I2CIfx_Isr.c, Line: 74 #include "rba_I2C_Cfg_MemMap.h" ignored--file not found.
File: B:\workspace\RhapsodyTr\Mcal\rba_I2C\rba_I2C\rba_I2C\src\rba_I2CIfx_Isr.c, Line: 591 #include "rba_I2C_Cfg_MemMap.h" ignored--file not found.

Parsing Summary:
"B:\workspace\RhapsodyTr\Mcal\rba_I2C\rba_I2C\rba_I2C\src\rba_I2C_Prv.h":LINE 139 *** syntax error on input "void"
"B:\workspace\RhapsodyTr\Mcal\rba_I2C\rba_I2C\rba_I2C\src\rba_I2C_Prv.h":LINE 139 *** parsing resumes after ';'
"B:\workspace\RhapsodyTr\Mcal\rba_I2C\rba_I2C\rba_I2C\src\rba_I2C_Prv.h":LINE 139 *** syntax error on input "void"
"B:\workspace\RhapsodyTr\Mcal\rba_I2C\rba_I2C\rba_I2C\src\rba_I2C_Prv.h":LINE 142 *** parsing resumes at '{'
dont-care-loc *** no function  was declared in this context

Reverse Engineering 'B:/workspace/RhapsodyTr/Mcal/rba_I2C/rba_I2C/rba_I2C/src/rba_I2CJdp.c'
Reverse Engineering include file 'B:\workspace\RhapsodyTr\Mcal\rba_I2C\rba_I2C\rba_I2C\api\rba_I2CJdp.h'
Adding file 'rba_I2CJdp' to package 'rba_I2c'. ok.
File: B:\workspace\RhapsodyTr\Mcal\rba_I2C\rba_I2C\rba_I2C\api\rba_I2CJdp.h, Line: 58 #include "Mcu.h" ignored--file not found.

Reverse Engineering 'B:/workspace/RhapsodyTr/Mcal/rba_I2C/rba_I2C/rba_I2C/src/rba_I2CJdp_Isr.c'
Reverse Engineering include file 'B:\workspace\RhapsodyTr\Mcal\rba_I2C\rba_I2C\rba_I2C\api\rba_I2CJdp.h'
File: B:\workspace\RhapsodyTr\Mcal\rba_I2C\rba_I2C\rba_I2C\api\rba_I2CJdp.h, Line: 58 #include "Mcu.h" ignored--file not found.
Adding file 'rba_I2CJdp_Isr' to package 'rba_I2c'. ok.

Reverse Engineering 'B:/workspace/RhapsodyTr/Mcal/rba_I2C/rba_I2C/rba_I2C/api/rba_I2C.h'
File: B:\workspace\RhapsodyTr\Mcal\rba_I2C\rba_I2C\rba_I2C\api\rba_I2C.h, Line: 53 #include "Std_Types.h" ignored--file not found.
Reverse Engineering include file 'B:\workspace\RhapsodyTr\Mcal\rba_I2C\rba_I2C\rba_I2C\src\rba_I2C_Cfg.h'
Reverse Engineering include file 'B:\workspace\RhapsodyTr\Mcal\rba_I2C\rba_I2C\rba_I2C\api\rba_I2C_Types.h'
File: B:\workspace\RhapsodyTr\Mcal\rba_I2C\rba_I2C\rba_I2C\api\rba_I2C_Types.h, Line: 52 #include "Mcu.h" ignored--file not found.
File: B:\workspace\RhapsodyTr\Mcal\rba_I2C\rba_I2C\rba_I2C\src\rba_I2C_Cfg.h, Line: 76 #include "rba_I2C_Cfg_MemMap.h" ignored--file not found.
File: B:\workspace\RhapsodyTr\Mcal\rba_I2C\rba_I2C\rba_I2C\src\rba_I2C_Cfg.h, Line: 81 #include "rba_I2C_Cfg_MemMap.h" ignored--file not found.
File: B:\workspace\RhapsodyTr\Mcal\rba_I2C\rba_I2C\rba_I2C\api\rba_I2C.h, Line: 173 #include "rba_I2C_Cfg_MemMap.h" ignored--file not found.
File: B:\workspace\RhapsodyTr\Mcal\rba_I2C\rba_I2C\rba_I2C\api\rba_I2C.h, Line: 183 #include "rba_I2C_Cfg_MemMap.h" ignored--file not found.

Reverse Engineering 'B:/workspace/RhapsodyTr/Mcal/rba_I2C/rba_I2C/rba_I2C/api/rba_I2C_Types.h'
File: B:\workspace\RhapsodyTr\Mcal\rba_I2C\rba_I2C\rba_I2C\api\rba_I2C_Types.h, Line: 52 #include "Mcu.h" ignored--file not found.

Reverse Engineering 'B:/workspace/RhapsodyTr/Mcal/rba_I2C/rba_I2C/rba_I2C/api/rba_I2CIfx.h'
File: B:\workspace\RhapsodyTr\Mcal\rba_I2C\rba_I2C\rba_I2C\api\rba_I2CIfx.h, Line: 56 #include "Mcu.h" ignored--file not found.
Reverse Engineering include file 'B:\workspace\RhapsodyTr\Mcal\rba_I2C\rba_I2C\rba_I2C\api\rba_I2C.h'
File: B:\workspace\RhapsodyTr\Mcal\rba_I2C\rba_I2C\rba_I2C\api\rba_I2C.h, Line: 53 #include "Std_Types.h" ignored--file not found.
Reverse Engineering include file 'B:\workspace\RhapsodyTr\Mcal\rba_I2C\rba_I2C\rba_I2C\src\rba_I2C_Cfg.h'
Reverse Engineering include file 'B:\workspace\RhapsodyTr\Mcal\rba_I2C\rba_I2C\rba_I2C\api\rba_I2C_Types.h'
File: B:\workspace\RhapsodyTr\Mcal\rba_I2C\rba_I2C\rba_I2C\api\rba_I2C_Types.h, Line: 52 #include "Mcu.h" ignored--file not found.
File: B:\workspace\RhapsodyTr\Mcal\rba_I2C\rba_I2C\rba_I2C\src\rba_I2C_Cfg.h, Line: 76 #include "rba_I2C_Cfg_MemMap.h" ignored--file not found.
File: B:\workspace\RhapsodyTr\Mcal\rba_I2C\rba_I2C\rba_I2C\src\rba_I2C_Cfg.h, Line: 81 #include "rba_I2C_Cfg_MemMap.h" ignored--file not found.
File: B:\workspace\RhapsodyTr\Mcal\rba_I2C\rba_I2C\rba_I2C\api\rba_I2C.h, Line: 173 #include "rba_I2C_Cfg_MemMap.h" ignored--file not found.
File: B:\workspace\RhapsodyTr\Mcal\rba_I2C\rba_I2C\rba_I2C\api\rba_I2C.h, Line: 183 #include "rba_I2C_Cfg_MemMap.h" ignored--file not found.
Reverse Engineering include file 'B:\workspace\RhapsodyTr\Mcal\rba_I2C\rba_I2C\rba_I2C\src\rba_I2C_Prv.h'
Reverse Engineering include file 'B:\workspace\RhapsodyTr\Mcal\rba_I2C\rba_I2C\rba_I2C\api\rba_I2C.h'
File: B:\workspace\RhapsodyTr\Mcal\rba_I2C\rba_I2C\rba_I2C\src\rba_I2C_Prv.h, Line: 95 #include "rba_I2C_Cfg_MemMap.h" ignored--file not found.
File: B:\workspace\RhapsodyTr\Mcal\rba_I2C\rba_I2C\rba_I2C\src\rba_I2C_Prv.h, Line: 120 #include "rba_I2C_Cfg_MemMap.h" ignored--file not found.
File: B:\workspace\RhapsodyTr\Mcal\rba_I2C\rba_I2C\rba_I2C\src\rba_I2C_Prv.h, Line: 123 #include "rba_I2C_Cfg_MemMap.h" ignored--file not found.
File: B:\workspace\RhapsodyTr\Mcal\rba_I2C\rba_I2C\rba_I2C\src\rba_I2C_Prv.h, Line: 127 #include "rba_I2C_Cfg_MemMap.h" ignored--file not found.
File: B:\workspace\RhapsodyTr\Mcal\rba_I2C\rba_I2C\rba_I2C\src\rba_I2C_Prv.h, Line: 130 #include "rba_I2C_Cfg_MemMap.h" ignored--file not found.
File: B:\workspace\RhapsodyTr\Mcal\rba_I2C\rba_I2C\rba_I2C\src\rba_I2C_Prv.h, Line: 168 #include "rba_I2C_Cfg_MemMap.h" ignored--file not found.
Reverse Engineering include file 'B:\workspace\RhapsodyTr\Mcal\rba_I2C\rba_I2C\rba_I2C\api\rba_I2CIfx.h'
File: B:\workspace\RhapsodyTr\Mcal\rba_I2C\rba_I2C\rba_I2C\api\rba_I2CIfx.h, Line: 64 #include  ignored--bad filename delimiter.
File: B:\workspace\RhapsodyTr\Mcal\rba_I2C\rba_I2C\rba_I2C\api\rba_I2CIfx.h, Line: 67 #include "Det.h" ignored--file not found.
File: B:\workspace\RhapsodyTr\Mcal\rba_I2C\rba_I2C\rba_I2C\api\rba_I2CIfx.h, Line: 193 #include "rba_I2C_Cfg_MemMap.h" ignored--file not found.
File: B:\workspace\RhapsodyTr\Mcal\rba_I2C\rba_I2C\rba_I2C\api\rba_I2CIfx.h, Line: 196 #include "rba_I2C_Cfg_MemMap.h" ignored--file not found.
File: B:\workspace\RhapsodyTr\Mcal\rba_I2C\rba_I2C\rba_I2C\api\rba_I2CIfx.h, Line: 199 #include "rba_I2C_Cfg_MemMap.h" ignored--file not found.
File: B:\workspace\RhapsodyTr\Mcal\rba_I2C\rba_I2C\rba_I2C\api\rba_I2CIfx.h, Line: 202 #include "rba_I2C_Cfg_MemMap.h" ignored--file not found.
File: B:\workspace\RhapsodyTr\Mcal\rba_I2C\rba_I2C\rba_I2C\api\rba_I2CIfx.h, Line: 205 #include "rba_I2C_Cfg_MemMap.h" ignored--file not found.
File: B:\workspace\RhapsodyTr\Mcal\rba_I2C\rba_I2C\rba_I2C\api\rba_I2CIfx.h, Line: 220 #include "rba_I2C_Cfg_MemMap.h" ignored--file not found.

Parsing Summary:
"B:\workspace\RhapsodyTr\Mcal\rba_I2C\rba_I2C\rba_I2C\src\rba_I2C_Prv.h":LINE 139 *** syntax error on input "void"
"B:\workspace\RhapsodyTr\Mcal\rba_I2C\rba_I2C\rba_I2C\src\rba_I2C_Prv.h":LINE 139 *** parsing resumes after ';'
"B:\workspace\RhapsodyTr\Mcal\rba_I2C\rba_I2C\rba_I2C\src\rba_I2C_Prv.h":LINE 139 *** syntax error on input "void"
"B:\workspace\RhapsodyTr\Mcal\rba_I2C\rba_I2C\rba_I2C\src\rba_I2C_Prv.h":LINE 142 *** parsing resumes at '{'
dont-care-loc *** no function  was declared in this context

Reverse Engineering 'B:/workspace/RhapsodyTr/Mcal/rba_I2C/rba_I2C/rba_I2C/api/rba_I2CJdp.h'
File: B:\workspace\RhapsodyTr\Mcal\rba_I2C\rba_I2C\rba_I2C\api\rba_I2CJdp.h, Line: 58 #include "Mcu.h" ignored--file not found.

Reverse Engineering 'B:/workspace/RhapsodyTr/Mcal/rba_I2C/rba_I2C/rba_I2C/src/rba_I2C_Cfg.h'
Reverse Engineering include file 'B:\workspace\RhapsodyTr\Mcal\rba_I2C\rba_I2C\rba_I2C\api\rba_I2C_Types.h'
File: B:\workspace\RhapsodyTr\Mcal\rba_I2C\rba_I2C\rba_I2C\api\rba_I2C_Types.h, Line: 52 #include "Mcu.h" ignored--file not found.
File: B:\workspace\RhapsodyTr\Mcal\rba_I2C\rba_I2C\rba_I2C\src\rba_I2C_Cfg.h, Line: 76 #include "rba_I2C_Cfg_MemMap.h" ignored--file not found.
File: B:\workspace\RhapsodyTr\Mcal\rba_I2C\rba_I2C\rba_I2C\src\rba_I2C_Cfg.h, Line: 81 #include "rba_I2C_Cfg_MemMap.h" ignored--file not found.

Reverse Engineering 'B:/workspace/RhapsodyTr/Mcal/rba_I2C/rba_I2C/rba_I2C/src/rba_I2C_Cfg_Prv.h'

Reverse Engineering 'B:/workspace/RhapsodyTr/Mcal/rba_I2C/rba_I2C/rba_I2C/src/rba_I2C_Prv.h'
Reverse Engineering include file 'B:\workspace\RhapsodyTr\Mcal\rba_I2C\rba_I2C\rba_I2C\api\rba_I2C.h'
File: B:\workspace\RhapsodyTr\Mcal\rba_I2C\rba_I2C\rba_I2C\api\rba_I2C.h, Line: 53 #include "Std_Types.h" ignored--file not found.
Reverse Engineering include file 'B:\workspace\RhapsodyTr\Mcal\rba_I2C\rba_I2C\rba_I2C\src\rba_I2C_Cfg.h'
Reverse Engineering include file 'B:\workspace\RhapsodyTr\Mcal\rba_I2C\rba_I2C\rba_I2C\api\rba_I2C_Types.h'
File: B:\workspace\RhapsodyTr\Mcal\rba_I2C\rba_I2C\rba_I2C\api\rba_I2C_Types.h, Line: 52 #include "Mcu.h" ignored--file not found.
File: B:\workspace\RhapsodyTr\Mcal\rba_I2C\rba_I2C\rba_I2C\src\rba_I2C_Cfg.h, Line: 76 #include "rba_I2C_Cfg_MemMap.h" ignored--file not found.
File: B:\workspace\RhapsodyTr\Mcal\rba_I2C\rba_I2C\rba_I2C\src\rba_I2C_Cfg.h, Line: 81 #include "rba_I2C_Cfg_MemMap.h" ignored--file not found.
File: B:\workspace\RhapsodyTr\Mcal\rba_I2C\rba_I2C\rba_I2C\api\rba_I2C.h, Line: 173 #include "rba_I2C_Cfg_MemMap.h" ignored--file not found.
File: B:\workspace\RhapsodyTr\Mcal\rba_I2C\rba_I2C\rba_I2C\api\rba_I2C.h, Line: 183 #include "rba_I2C_Cfg_MemMap.h" ignored--file not found.
File: B:\workspace\RhapsodyTr\Mcal\rba_I2C\rba_I2C\rba_I2C\src\rba_I2C_Prv.h, Line: 95 #include "rba_I2C_Cfg_MemMap.h" ignored--file not found.
File: B:\workspace\RhapsodyTr\Mcal\rba_I2C\rba_I2C\rba_I2C\src\rba_I2C_Prv.h, Line: 120 #include "rba_I2C_Cfg_MemMap.h" ignored--file not found.
File: B:\workspace\RhapsodyTr\Mcal\rba_I2C\rba_I2C\rba_I2C\src\rba_I2C_Prv.h, Line: 123 #include "rba_I2C_Cfg_MemMap.h" ignored--file not found.
File: B:\workspace\RhapsodyTr\Mcal\rba_I2C\rba_I2C\rba_I2C\src\rba_I2C_Prv.h, Line: 127 #include "rba_I2C_Cfg_MemMap.h" ignored--file not found.
File: B:\workspace\RhapsodyTr\Mcal\rba_I2C\rba_I2C\rba_I2C\src\rba_I2C_Prv.h, Line: 130 #include "rba_I2C_Cfg_MemMap.h" ignored--file not found.
File: B:\workspace\RhapsodyTr\Mcal\rba_I2C\rba_I2C\rba_I2C\src\rba_I2C_Prv.h, Line: 168 #include "rba_I2C_Cfg_MemMap.h" ignored--file not found.
Reverse Engineering include file 'B:\workspace\RhapsodyTr\Mcal\rba_I2C\rba_I2C\rba_I2C\api\rba_I2CIfx.h'
File: B:\workspace\RhapsodyTr\Mcal\rba_I2C\rba_I2C\rba_I2C\api\rba_I2CIfx.h, Line: 56 #include "Mcu.h" ignored--file not found.
Reverse Engineering include file 'B:\workspace\RhapsodyTr\Mcal\rba_I2C\rba_I2C\rba_I2C\api\rba_I2C.h'
Reverse Engineering include file 'B:\workspace\RhapsodyTr\Mcal\rba_I2C\rba_I2C\rba_I2C\src\rba_I2C_Prv.h'
File: B:\workspace\RhapsodyTr\Mcal\rba_I2C\rba_I2C\rba_I2C\api\rba_I2CIfx.h, Line: 64 #include  ignored--bad filename delimiter.
File: B:\workspace\RhapsodyTr\Mcal\rba_I2C\rba_I2C\rba_I2C\api\rba_I2CIfx.h, Line: 67 #include "Det.h" ignored--file not found.
File: B:\workspace\RhapsodyTr\Mcal\rba_I2C\rba_I2C\rba_I2C\api\rba_I2CIfx.h, Line: 193 #include "rba_I2C_Cfg_MemMap.h" ignored--file not found.
File: B:\workspace\RhapsodyTr\Mcal\rba_I2C\rba_I2C\rba_I2C\api\rba_I2CIfx.h, Line: 196 #include "rba_I2C_Cfg_MemMap.h" ignored--file not found.
File: B:\workspace\RhapsodyTr\Mcal\rba_I2C\rba_I2C\rba_I2C\api\rba_I2CIfx.h, Line: 199 #include "rba_I2C_Cfg_MemMap.h" ignored--file not found.
File: B:\workspace\RhapsodyTr\Mcal\rba_I2C\rba_I2C\rba_I2C\api\rba_I2CIfx.h, Line: 202 #include "rba_I2C_Cfg_MemMap.h" ignored--file not found.
File: B:\workspace\RhapsodyTr\Mcal\rba_I2C\rba_I2C\rba_I2C\api\rba_I2CIfx.h, Line: 205 #include "rba_I2C_Cfg_MemMap.h" ignored--file not found.
File: B:\workspace\RhapsodyTr\Mcal\rba_I2C\rba_I2C\rba_I2C\api\rba_I2CIfx.h, Line: 220 #include "rba_I2C_Cfg_MemMap.h" ignored--file not found.

Parsing Summary:
"B:\workspace\RhapsodyTr\Mcal\rba_I2C\rba_I2C\rba_I2C\src\rba_I2C_Prv.h":LINE 139 *** syntax error on input "void"
"B:\workspace\RhapsodyTr\Mcal\rba_I2C\rba_I2C\rba_I2C\src\rba_I2C_Prv.h":LINE 139 *** parsing resumes after ';'
"B:\workspace\RhapsodyTr\Mcal\rba_I2C\rba_I2C\rba_I2C\src\rba_I2C_Prv.h":LINE 139 *** syntax error on input "void"
"B:\workspace\RhapsodyTr\Mcal\rba_I2C\rba_I2C\rba_I2C\src\rba_I2C_Prv.h":LINE 142 *** parsing resumes at '{'
dont-care-loc *** no function  was declared in this context

Reverse Engineering Done (25). See detailed report in the log file.

Creating Diagrams.

Creating Diagram for Project rba_I2c_dSD.

Creating Diagram for Package rba_I2c.

Creating Diagrams Done.

