
Collect Macros 'B:/workspace/RhapsodyTr/Mcal/rba_Dma/rba_Dma/src/rba_Dma.c'
File: B:\workspace\RhapsodyTr\Mcal\rba_Dma\rba_Dma\src\rba_Dma.c, Line: 37 #include "rba_Dma.h" ignored--file not found.
File: B:\workspace\RhapsodyTr\Mcal\rba_Dma\rba_Dma\src\rba_Dma.c, Line: 38 #include "Mcu.h" ignored--file not found.
File: B:\workspace\RhapsodyTr\Mcal\rba_Dma\rba_Dma\src\rba_Dma.c, Line: 41 #include  ignored--bad filename delimiter.
File: B:\workspace\RhapsodyTr\Mcal\rba_Dma\rba_Dma\src\rba_Dma.c, Line: 45 #include  ignored--bad filename delimiter.
File: B:\workspace\RhapsodyTr\Mcal\rba_Dma\rba_Dma\src\rba_Dma.c, Line: 48 #include "Det.h" ignored--file not found.
File: B:\workspace\RhapsodyTr\Mcal\rba_Dma\rba_Dma\src\rba_Dma.c, Line: 54 #include "rba_Dma_MemMap.h" ignored--file not found.
File: B:\workspace\RhapsodyTr\Mcal\rba_Dma\rba_Dma\src\rba_Dma.c, Line: 57 #include "rba_Dma_MemMap.h" ignored--file not found.
File: B:\workspace\RhapsodyTr\Mcal\rba_Dma\rba_Dma\src\rba_Dma.c, Line: 62 #include "rba_Dma_MemMap.h" ignored--file not found.
File: B:\workspace\RhapsodyTr\Mcal\rba_Dma\rba_Dma\src\rba_Dma.c, Line: 281 #include "rba_Dma_MemMap.h" ignored--file not found.
File: B:\workspace\RhapsodyTr\Mcal\rba_Dma\rba_Dma\src\rba_Dma.c, Line: 316 #include "rba_Dma_MemMap.h" ignored--file not found.
File: B:\workspace\RhapsodyTr\Mcal\rba_Dma\rba_Dma\src\rba_Dma.c, Line: 443 #include "rba_Dma_MemMap.h" ignored--file not found.

Collect Macros 'B:/workspace/RhapsodyTr/Mcal/rba_Dma/rba_Dma/src/rba_Dma_Err.c'
Collect Macros from include file 'B:\workspace\RhapsodyTr\Mcal\rba_Dma\rba_Dma\api\rba_Dma.h'
File: B:\workspace\RhapsodyTr\Mcal\rba_Dma\rba_Dma\api\rba_Dma.h, Line: 28 #include "Std_Types.h" ignored--file not found.
File: B:\workspace\RhapsodyTr\Mcal\rba_Dma\rba_Dma\api\rba_Dma.h, Line: 30 #include "rba_Reg.h" ignored--file not found.
File: B:\workspace\RhapsodyTr\Mcal\rba_Dma\rba_Dma\api\rba_Dma.h, Line: 31 #include  ignored--bad filename delimiter.
Collect Macros from include file 'B:\workspace\RhapsodyTr\Mcal\rba_Dma\rba_Dma\src\rba_Dma_PBcfg.h'
File: B:\workspace\RhapsodyTr\Mcal\rba_Dma\rba_Dma\src\rba_Dma_PBcfg.h, Line: 137 #include "rba_Dma_MemMap.h" ignored--file not found.
File: B:\workspace\RhapsodyTr\Mcal\rba_Dma\rba_Dma\src\rba_Dma_PBcfg.h, Line: 142 #include "rba_Dma_MemMap.h" ignored--file not found.
File: B:\workspace\RhapsodyTr\Mcal\rba_Dma\rba_Dma\src\rba_Dma_PBcfg.h, Line: 147 #include "rba_Dma_MemMap.h" ignored--file not found.
File: B:\workspace\RhapsodyTr\Mcal\rba_Dma\rba_Dma\src\rba_Dma_PBcfg.h, Line: 150 #include "rba_Dma_MemMap.h" ignored--file not found.
File: B:\workspace\RhapsodyTr\Mcal\rba_Dma\rba_Dma\src\rba_Dma_PBcfg.h, Line: 155 #include "rba_Dma_MemMap.h" ignored--file not found.
File: B:\workspace\RhapsodyTr\Mcal\rba_Dma\rba_Dma\src\rba_Dma_PBcfg.h, Line: 159 #include "rba_Dma_MemMap.h" ignored--file not found.
File: B:\workspace\RhapsodyTr\Mcal\rba_Dma\rba_Dma\api\rba_Dma.h, Line: 316 #include "rba_Dma_MemMap.h" ignored--file not found.
File: B:\workspace\RhapsodyTr\Mcal\rba_Dma\rba_Dma\api\rba_Dma.h, Line: 342 #include "rba_Dma_MemMap.h" ignored--file not found.
File: B:\workspace\RhapsodyTr\Mcal\rba_Dma\rba_Dma\api\rba_Dma.h, Line: 345 #include "rba_Dma_MemMap.h" ignored--file not found.
File: B:\workspace\RhapsodyTr\Mcal\rba_Dma\rba_Dma\api\rba_Dma.h, Line: 349 #include "rba_Dma_MemMap.h" ignored--file not found.
File: B:\workspace\RhapsodyTr\Mcal\rba_Dma\rba_Dma\api\rba_Dma.h, Line: 352 #include "rba_Dma_MemMap.h" ignored--file not found.
File: B:\workspace\RhapsodyTr\Mcal\rba_Dma\rba_Dma\api\rba_Dma.h, Line: 355 #include "rba_Dma_MemMap.h" ignored--file not found.
File: B:\workspace\RhapsodyTr\Mcal\rba_Dma\rba_Dma\api\rba_Dma.h, Line: 358 #include "rba_Dma_MemMap.h" ignored--file not found.
File: B:\workspace\RhapsodyTr\Mcal\rba_Dma\rba_Dma\api\rba_Dma.h, Line: 361 #include "rba_Dma_MemMap.h" ignored--file not found.
File: B:\workspace\RhapsodyTr\Mcal\rba_Dma\rba_Dma\src\rba_Dma_Err.c, Line: 38 #include "Det.h" ignored--file not found.
File: B:\workspace\RhapsodyTr\Mcal\rba_Dma\rba_Dma\src\rba_Dma_Err.c, Line: 100 #include "rba_Dma_MemMap.h" ignored--file not found.
File: B:\workspace\RhapsodyTr\Mcal\rba_Dma\rba_Dma\src\rba_Dma_Err.c, Line: 103 #include "rba_Dma_MemMap.h" ignored--file not found.
File: B:\workspace\RhapsodyTr\Mcal\rba_Dma\rba_Dma\src\rba_Dma_Err.c, Line: 106 #include "rba_Dma_MemMap.h" ignored--file not found.
File: B:\workspace\RhapsodyTr\Mcal\rba_Dma\rba_Dma\src\rba_Dma_Err.c, Line: 309 #include "rba_Dma_MemMap.h" ignored--file not found.

Parsing Summary:
dont-care-loc *** no function  was declared in this context
dont-care-loc *** no function  was declared in this context

Collect Macros 'B:/workspace/RhapsodyTr/Mcal/rba_Dma/rba_Dma/src/rba_Dma_PBcfg.c'
Collect Macros from include file 'B:\workspace\RhapsodyTr\Mcal\rba_Dma\rba_Dma\api\rba_Dma.h'
File: B:\workspace\RhapsodyTr\Mcal\rba_Dma\rba_Dma\api\rba_Dma.h, Line: 28 #include "Std_Types.h" ignored--file not found.
File: B:\workspace\RhapsodyTr\Mcal\rba_Dma\rba_Dma\api\rba_Dma.h, Line: 30 #include "rba_Reg.h" ignored--file not found.
File: B:\workspace\RhapsodyTr\Mcal\rba_Dma\rba_Dma\api\rba_Dma.h, Line: 31 #include  ignored--bad filename delimiter.
Collect Macros from include file 'B:\workspace\RhapsodyTr\Mcal\rba_Dma\rba_Dma\src\rba_Dma_PBcfg.h'
File: B:\workspace\RhapsodyTr\Mcal\rba_Dma\rba_Dma\src\rba_Dma_PBcfg.h, Line: 137 #include "rba_Dma_MemMap.h" ignored--file not found.
File: B:\workspace\RhapsodyTr\Mcal\rba_Dma\rba_Dma\src\rba_Dma_PBcfg.h, Line: 142 #include "rba_Dma_MemMap.h" ignored--file not found.
File: B:\workspace\RhapsodyTr\Mcal\rba_Dma\rba_Dma\src\rba_Dma_PBcfg.h, Line: 147 #include "rba_Dma_MemMap.h" ignored--file not found.
File: B:\workspace\RhapsodyTr\Mcal\rba_Dma\rba_Dma\src\rba_Dma_PBcfg.h, Line: 150 #include "rba_Dma_MemMap.h" ignored--file not found.
File: B:\workspace\RhapsodyTr\Mcal\rba_Dma\rba_Dma\src\rba_Dma_PBcfg.h, Line: 155 #include "rba_Dma_MemMap.h" ignored--file not found.
File: B:\workspace\RhapsodyTr\Mcal\rba_Dma\rba_Dma\src\rba_Dma_PBcfg.h, Line: 159 #include "rba_Dma_MemMap.h" ignored--file not found.
File: B:\workspace\RhapsodyTr\Mcal\rba_Dma\rba_Dma\api\rba_Dma.h, Line: 316 #include "rba_Dma_MemMap.h" ignored--file not found.
File: B:\workspace\RhapsodyTr\Mcal\rba_Dma\rba_Dma\api\rba_Dma.h, Line: 342 #include "rba_Dma_MemMap.h" ignored--file not found.
File: B:\workspace\RhapsodyTr\Mcal\rba_Dma\rba_Dma\api\rba_Dma.h, Line: 345 #include "rba_Dma_MemMap.h" ignored--file not found.
File: B:\workspace\RhapsodyTr\Mcal\rba_Dma\rba_Dma\api\rba_Dma.h, Line: 349 #include "rba_Dma_MemMap.h" ignored--file not found.
File: B:\workspace\RhapsodyTr\Mcal\rba_Dma\rba_Dma\api\rba_Dma.h, Line: 352 #include "rba_Dma_MemMap.h" ignored--file not found.
File: B:\workspace\RhapsodyTr\Mcal\rba_Dma\rba_Dma\api\rba_Dma.h, Line: 355 #include "rba_Dma_MemMap.h" ignored--file not found.
File: B:\workspace\RhapsodyTr\Mcal\rba_Dma\rba_Dma\api\rba_Dma.h, Line: 358 #include "rba_Dma_MemMap.h" ignored--file not found.
File: B:\workspace\RhapsodyTr\Mcal\rba_Dma\rba_Dma\api\rba_Dma.h, Line: 361 #include "rba_Dma_MemMap.h" ignored--file not found.
Collect Macros from include file 'B:\workspace\RhapsodyTr\Mcal\rba_Dma\rba_Dma\src\rba_Dma_PBcfg.h'
File: B:\workspace\RhapsodyTr\Mcal\rba_Dma\rba_Dma\src\rba_Dma_PBcfg.c, Line: 39 #include "rba_Reg.h" ignored--file not found.
File: B:\workspace\RhapsodyTr\Mcal\rba_Dma\rba_Dma\src\rba_Dma_PBcfg.c, Line: 40 #include  ignored--bad filename delimiter.
File: B:\workspace\RhapsodyTr\Mcal\rba_Dma\rba_Dma\src\rba_Dma_PBcfg.c, Line: 44 #include "rba_Dma_MemMap.h" ignored--file not found.
File: B:\workspace\RhapsodyTr\Mcal\rba_Dma\rba_Dma\src\rba_Dma_PBcfg.c, Line: 49 #include "rba_Dma_MemMap.h" ignored--file not found.
File: B:\workspace\RhapsodyTr\Mcal\rba_Dma\rba_Dma\src\rba_Dma_PBcfg.c, Line: 52 #include "rba_Dma_MemMap.h" ignored--file not found.
File: B:\workspace\RhapsodyTr\Mcal\rba_Dma\rba_Dma\src\rba_Dma_PBcfg.c, Line: 80 #include "rba_Dma_MemMap.h" ignored--file not found.
File: B:\workspace\RhapsodyTr\Mcal\rba_Dma\rba_Dma\src\rba_Dma_PBcfg.c, Line: 83 #include "rba_Dma_MemMap.h" ignored--file not found.
File: B:\workspace\RhapsodyTr\Mcal\rba_Dma\rba_Dma\src\rba_Dma_PBcfg.c, Line: 88 #include "rba_Dma_MemMap.h" ignored--file not found.

Parsing Summary:
dont-care-loc *** no function  was declared in this context
dont-care-loc *** no function  was declared in this context

Collect Macros 'B:/workspace/RhapsodyTr/Mcal/rba_Dma/rba_Dma/src/rba_Dma_SetUpCh.c'
Collect Macros from include file 'B:\workspace\RhapsodyTr\Mcal\rba_Dma\rba_Dma\api\rba_Dma.h'
File: B:\workspace\RhapsodyTr\Mcal\rba_Dma\rba_Dma\api\rba_Dma.h, Line: 28 #include "Std_Types.h" ignored--file not found.
File: B:\workspace\RhapsodyTr\Mcal\rba_Dma\rba_Dma\api\rba_Dma.h, Line: 30 #include "rba_Reg.h" ignored--file not found.
File: B:\workspace\RhapsodyTr\Mcal\rba_Dma\rba_Dma\api\rba_Dma.h, Line: 31 #include  ignored--bad filename delimiter.
Collect Macros from include file 'B:\workspace\RhapsodyTr\Mcal\rba_Dma\rba_Dma\src\rba_Dma_PBcfg.h'
File: B:\workspace\RhapsodyTr\Mcal\rba_Dma\rba_Dma\src\rba_Dma_PBcfg.h, Line: 137 #include "rba_Dma_MemMap.h" ignored--file not found.
File: B:\workspace\RhapsodyTr\Mcal\rba_Dma\rba_Dma\src\rba_Dma_PBcfg.h, Line: 142 #include "rba_Dma_MemMap.h" ignored--file not found.
File: B:\workspace\RhapsodyTr\Mcal\rba_Dma\rba_Dma\src\rba_Dma_PBcfg.h, Line: 147 #include "rba_Dma_MemMap.h" ignored--file not found.
File: B:\workspace\RhapsodyTr\Mcal\rba_Dma\rba_Dma\src\rba_Dma_PBcfg.h, Line: 150 #include "rba_Dma_MemMap.h" ignored--file not found.
File: B:\workspace\RhapsodyTr\Mcal\rba_Dma\rba_Dma\src\rba_Dma_PBcfg.h, Line: 155 #include "rba_Dma_MemMap.h" ignored--file not found.
File: B:\workspace\RhapsodyTr\Mcal\rba_Dma\rba_Dma\src\rba_Dma_PBcfg.h, Line: 159 #include "rba_Dma_MemMap.h" ignored--file not found.
File: B:\workspace\RhapsodyTr\Mcal\rba_Dma\rba_Dma\api\rba_Dma.h, Line: 316 #include "rba_Dma_MemMap.h" ignored--file not found.
File: B:\workspace\RhapsodyTr\Mcal\rba_Dma\rba_Dma\api\rba_Dma.h, Line: 342 #include "rba_Dma_MemMap.h" ignored--file not found.
File: B:\workspace\RhapsodyTr\Mcal\rba_Dma\rba_Dma\api\rba_Dma.h, Line: 345 #include "rba_Dma_MemMap.h" ignored--file not found.
File: B:\workspace\RhapsodyTr\Mcal\rba_Dma\rba_Dma\api\rba_Dma.h, Line: 349 #include "rba_Dma_MemMap.h" ignored--file not found.
File: B:\workspace\RhapsodyTr\Mcal\rba_Dma\rba_Dma\api\rba_Dma.h, Line: 352 #include "rba_Dma_MemMap.h" ignored--file not found.
File: B:\workspace\RhapsodyTr\Mcal\rba_Dma\rba_Dma\api\rba_Dma.h, Line: 355 #include "rba_Dma_MemMap.h" ignored--file not found.
File: B:\workspace\RhapsodyTr\Mcal\rba_Dma\rba_Dma\api\rba_Dma.h, Line: 358 #include "rba_Dma_MemMap.h" ignored--file not found.
File: B:\workspace\RhapsodyTr\Mcal\rba_Dma\rba_Dma\api\rba_Dma.h, Line: 361 #include "rba_Dma_MemMap.h" ignored--file not found.
File: B:\workspace\RhapsodyTr\Mcal\rba_Dma\rba_Dma\src\rba_Dma_SetUpCh.c, Line: 38 #include "Mcu.h" ignored--file not found.
File: B:\workspace\RhapsodyTr\Mcal\rba_Dma\rba_Dma\src\rba_Dma_SetUpCh.c, Line: 40 #include "rba_Reg.h" ignored--file not found.
File: B:\workspace\RhapsodyTr\Mcal\rba_Dma\rba_Dma\src\rba_Dma_SetUpCh.c, Line: 41 #include  ignored--bad filename delimiter.
File: B:\workspace\RhapsodyTr\Mcal\rba_Dma\rba_Dma\src\rba_Dma_SetUpCh.c, Line: 44 #include "rba_Reg.h" ignored--file not found.
File: B:\workspace\RhapsodyTr\Mcal\rba_Dma\rba_Dma\src\rba_Dma_SetUpCh.c, Line: 45 #include  ignored--bad filename delimiter.
File: B:\workspace\RhapsodyTr\Mcal\rba_Dma\rba_Dma\src\rba_Dma_SetUpCh.c, Line: 51 #include "rba_Dma_MemMap.h" ignored--file not found.
File: B:\workspace\RhapsodyTr\Mcal\rba_Dma\rba_Dma\src\rba_Dma_SetUpCh.c, Line: 54 #include "rba_Dma_MemMap.h" ignored--file not found.
File: B:\workspace\RhapsodyTr\Mcal\rba_Dma\rba_Dma\src\rba_Dma_SetUpCh.c, Line: 59 #include "rba_Dma_MemMap.h" ignored--file not found.
File: B:\workspace\RhapsodyTr\Mcal\rba_Dma\rba_Dma\src\rba_Dma_SetUpCh.c, Line: 116 #include "rba_Dma_MemMap.h" ignored--file not found.
File: B:\workspace\RhapsodyTr\Mcal\rba_Dma\rba_Dma\src\rba_Dma_SetUpCh.c, Line: 119 #include "rba_Dma_MemMap.h" ignored--file not found.
File: B:\workspace\RhapsodyTr\Mcal\rba_Dma\rba_Dma\src\rba_Dma_SetUpCh.c, Line: 1111 #include "rba_Dma_MemMap.h" ignored--file not found.

Parsing Summary:
dont-care-loc *** no function  was declared in this context
dont-care-loc *** no function  was declared in this context

Collect Macros 'B:/workspace/RhapsodyTr/Mcal/rba_Dma/rba_Dma/api/rba_Dma.h'
File: B:\workspace\RhapsodyTr\Mcal\rba_Dma\rba_Dma\api\rba_Dma.h, Line: 28 #include "Std_Types.h" ignored--file not found.
File: B:\workspace\RhapsodyTr\Mcal\rba_Dma\rba_Dma\api\rba_Dma.h, Line: 30 #include "rba_Reg.h" ignored--file not found.
File: B:\workspace\RhapsodyTr\Mcal\rba_Dma\rba_Dma\api\rba_Dma.h, Line: 31 #include  ignored--bad filename delimiter.
File: B:\workspace\RhapsodyTr\Mcal\rba_Dma\rba_Dma\api\rba_Dma.h, Line: 32 #include "rba_Dma_PBcfg.h" ignored--file not found.
File: B:\workspace\RhapsodyTr\Mcal\rba_Dma\rba_Dma\api\rba_Dma.h, Line: 316 #include "rba_Dma_MemMap.h" ignored--file not found.
File: B:\workspace\RhapsodyTr\Mcal\rba_Dma\rba_Dma\api\rba_Dma.h, Line: 342 #include "rba_Dma_MemMap.h" ignored--file not found.
File: B:\workspace\RhapsodyTr\Mcal\rba_Dma\rba_Dma\api\rba_Dma.h, Line: 345 #include "rba_Dma_MemMap.h" ignored--file not found.
File: B:\workspace\RhapsodyTr\Mcal\rba_Dma\rba_Dma\api\rba_Dma.h, Line: 349 #include "rba_Dma_MemMap.h" ignored--file not found.
File: B:\workspace\RhapsodyTr\Mcal\rba_Dma\rba_Dma\api\rba_Dma.h, Line: 352 #include "rba_Dma_MemMap.h" ignored--file not found.
File: B:\workspace\RhapsodyTr\Mcal\rba_Dma\rba_Dma\api\rba_Dma.h, Line: 355 #include "rba_Dma_MemMap.h" ignored--file not found.
File: B:\workspace\RhapsodyTr\Mcal\rba_Dma\rba_Dma\api\rba_Dma.h, Line: 358 #include "rba_Dma_MemMap.h" ignored--file not found.
File: B:\workspace\RhapsodyTr\Mcal\rba_Dma\rba_Dma\api\rba_Dma.h, Line: 361 #include "rba_Dma_MemMap.h" ignored--file not found.

Parsing Summary:
dont-care-loc *** no function  was declared in this context
dont-care-loc *** no function  was declared in this context

Collect Macros 'B:/workspace/RhapsodyTr/Mcal/rba_Dma/rba_Dma/src/rba_Dma_PBcfg.h'
File: B:\workspace\RhapsodyTr\Mcal\rba_Dma\rba_Dma\src\rba_Dma_PBcfg.h, Line: 137 #include "rba_Dma_MemMap.h" ignored--file not found.
File: B:\workspace\RhapsodyTr\Mcal\rba_Dma\rba_Dma\src\rba_Dma_PBcfg.h, Line: 142 #include "rba_Dma_MemMap.h" ignored--file not found.
File: B:\workspace\RhapsodyTr\Mcal\rba_Dma\rba_Dma\src\rba_Dma_PBcfg.h, Line: 147 #include "rba_Dma_MemMap.h" ignored--file not found.
File: B:\workspace\RhapsodyTr\Mcal\rba_Dma\rba_Dma\src\rba_Dma_PBcfg.h, Line: 150 #include "rba_Dma_MemMap.h" ignored--file not found.
File: B:\workspace\RhapsodyTr\Mcal\rba_Dma\rba_Dma\src\rba_Dma_PBcfg.h, Line: 155 #include "rba_Dma_MemMap.h" ignored--file not found.
File: B:\workspace\RhapsodyTr\Mcal\rba_Dma\rba_Dma\src\rba_Dma_PBcfg.h, Line: 159 #include "rba_Dma_MemMap.h" ignored--file not found.

Collect Macros Done. See detailed report in the log file.


Reverse Engineering 'B:/workspace/RhapsodyTr/Mcal/rba_Dma/rba_Dma/src/rba_Dma.c'
Reverse Engineering include file 'B:\workspace\RhapsodyTr\Mcal\rba_Dma\rba_Dma\api\rba_Dma.h'
Adding package 'rba_Dma' to project 'rba_Dma_dSD'. ok.
Adding file 'rba_Dma' to package 'rba_Dma'. ok.
File: B:\workspace\RhapsodyTr\Mcal\rba_Dma\rba_Dma\api\rba_Dma.h, Line: 28 #include "Std_Types.h" ignored--file not found.
File: B:\workspace\RhapsodyTr\Mcal\rba_Dma\rba_Dma\api\rba_Dma.h, Line: 30 #include "rba_Reg.h" ignored--file not found.
File: B:\workspace\RhapsodyTr\Mcal\rba_Dma\rba_Dma\api\rba_Dma.h, Line: 31 #include  ignored--bad filename delimiter.
Reverse Engineering include file 'B:\workspace\RhapsodyTr\Mcal\rba_Dma\rba_Dma\src\rba_Dma_PBcfg.h'
Adding file 'rba_Dma_PBcfg' to package 'rba_Dma'. ok.
File: B:\workspace\RhapsodyTr\Mcal\rba_Dma\rba_Dma\src\rba_Dma_PBcfg.h, Line: 137 #include "rba_Dma_MemMap.h" ignored--file not found.
Analyzing struct 'DmaRslvr_st' from File: B:\workspace\RhapsodyTr\Mcal\rba_Dma\rba_Dma\src\rba_Dma_PBcfg.h, Line: 127
File: B:\workspace\RhapsodyTr\Mcal\rba_Dma\rba_Dma\src\rba_Dma_PBcfg.h, Line: 142 #include "rba_Dma_MemMap.h" ignored--file not found.
File: B:\workspace\RhapsodyTr\Mcal\rba_Dma\rba_Dma\src\rba_Dma_PBcfg.h, Line: 147 #include "rba_Dma_MemMap.h" ignored--file not found.
File: B:\workspace\RhapsodyTr\Mcal\rba_Dma\rba_Dma\src\rba_Dma_PBcfg.h, Line: 150 #include "rba_Dma_MemMap.h" ignored--file not found.
File: B:\workspace\RhapsodyTr\Mcal\rba_Dma\rba_Dma\src\rba_Dma_PBcfg.h, Line: 155 #include "rba_Dma_MemMap.h" ignored--file not found.
File: B:\workspace\RhapsodyTr\Mcal\rba_Dma\rba_Dma\src\rba_Dma_PBcfg.h, Line: 159 #include "rba_Dma_MemMap.h" ignored--file not found.
File: B:\workspace\RhapsodyTr\Mcal\rba_Dma\rba_Dma\api\rba_Dma.h, Line: 316 #include "rba_Dma_MemMap.h" ignored--file not found.
Analyzing struct 'anonymous-class-at-"B:\workspace\RhapsodyTr\Mcal\rba_Dma\rba_Dma\api\rba_Dma.h":LINE 298.9' from File: B:\workspace\RhapsodyTr\Mcal\rba_Dma\rba_Dma\api\rba_Dma.h, Line: 298
File: B:\workspace\RhapsodyTr\Mcal\rba_Dma\rba_Dma\api\rba_Dma.h, Line: 342 #include "rba_Dma_MemMap.h" ignored--file not found.
File: B:\workspace\RhapsodyTr\Mcal\rba_Dma\rba_Dma\api\rba_Dma.h, Line: 345 #include "rba_Dma_MemMap.h" ignored--file not found.
File: B:\workspace\RhapsodyTr\Mcal\rba_Dma\rba_Dma\api\rba_Dma.h, Line: 349 #include "rba_Dma_MemMap.h" ignored--file not found.
File: B:\workspace\RhapsodyTr\Mcal\rba_Dma\rba_Dma\api\rba_Dma.h, Line: 352 #include "rba_Dma_MemMap.h" ignored--file not found.
File: B:\workspace\RhapsodyTr\Mcal\rba_Dma\rba_Dma\api\rba_Dma.h, Line: 355 #include "rba_Dma_MemMap.h" ignored--file not found.
File: B:\workspace\RhapsodyTr\Mcal\rba_Dma\rba_Dma\api\rba_Dma.h, Line: 358 #include "rba_Dma_MemMap.h" ignored--file not found.
File: B:\workspace\RhapsodyTr\Mcal\rba_Dma\rba_Dma\api\rba_Dma.h, Line: 361 #include "rba_Dma_MemMap.h" ignored--file not found.
File: B:\workspace\RhapsodyTr\Mcal\rba_Dma\rba_Dma\src\rba_Dma.c, Line: 38 #include "Mcu.h" ignored--file not found.
File: B:\workspace\RhapsodyTr\Mcal\rba_Dma\rba_Dma\src\rba_Dma.c, Line: 41 #include  ignored--bad filename delimiter.
File: B:\workspace\RhapsodyTr\Mcal\rba_Dma\rba_Dma\src\rba_Dma.c, Line: 45 #include  ignored--bad filename delimiter.
File: B:\workspace\RhapsodyTr\Mcal\rba_Dma\rba_Dma\src\rba_Dma.c, Line: 48 #include "Det.h" ignored--file not found.
File: B:\workspace\RhapsodyTr\Mcal\rba_Dma\rba_Dma\src\rba_Dma.c, Line: 54 #include "rba_Dma_MemMap.h" ignored--file not found.
File: B:\workspace\RhapsodyTr\Mcal\rba_Dma\rba_Dma\src\rba_Dma.c, Line: 57 #include "rba_Dma_MemMap.h" ignored--file not found.
File: B:\workspace\RhapsodyTr\Mcal\rba_Dma\rba_Dma\src\rba_Dma.c, Line: 62 #include "rba_Dma_MemMap.h" ignored--file not found.
File: B:\workspace\RhapsodyTr\Mcal\rba_Dma\rba_Dma\src\rba_Dma.c, Line: 281 #include "rba_Dma_MemMap.h" ignored--file not found.
File: B:\workspace\RhapsodyTr\Mcal\rba_Dma\rba_Dma\src\rba_Dma.c, Line: 316 #include "rba_Dma_MemMap.h" ignored--file not found.
File: B:\workspace\RhapsodyTr\Mcal\rba_Dma\rba_Dma\src\rba_Dma.c, Line: 443 #include "rba_Dma_MemMap.h" ignored--file not found.

Parsing Summary:
"B:\workspace\RhapsodyTr\Mcal\rba_Dma\rba_Dma\api\rba_Dma.h":LINE 211 *** syntax error on input "void"
"B:\workspace\RhapsodyTr\Mcal\rba_Dma\rba_Dma\api\rba_Dma.h":LINE 212 *** parsing resumes at '{'
dont-care-loc *** no function  was declared in this context
"B:\workspace\RhapsodyTr\Mcal\rba_Dma\rba_Dma\api\rba_Dma.h":LINE 288 *** syntax error on input "void"
"B:\workspace\RhapsodyTr\Mcal\rba_Dma\rba_Dma\api\rba_Dma.h":LINE 289 *** parsing resumes at '{'
dont-care-loc *** no function  was declared in this context

Reverse Engineering 'B:/workspace/RhapsodyTr/Mcal/rba_Dma/rba_Dma/src/rba_Dma_Err.c'
Reverse Engineering include file 'B:\workspace\RhapsodyTr\Mcal\rba_Dma\rba_Dma\api\rba_Dma.h'
File: B:\workspace\RhapsodyTr\Mcal\rba_Dma\rba_Dma\api\rba_Dma.h, Line: 28 #include "Std_Types.h" ignored--file not found.
File: B:\workspace\RhapsodyTr\Mcal\rba_Dma\rba_Dma\api\rba_Dma.h, Line: 30 #include "rba_Reg.h" ignored--file not found.
File: B:\workspace\RhapsodyTr\Mcal\rba_Dma\rba_Dma\api\rba_Dma.h, Line: 31 #include  ignored--bad filename delimiter.
Reverse Engineering include file 'B:\workspace\RhapsodyTr\Mcal\rba_Dma\rba_Dma\src\rba_Dma_PBcfg.h'
File: B:\workspace\RhapsodyTr\Mcal\rba_Dma\rba_Dma\src\rba_Dma_PBcfg.h, Line: 137 #include "rba_Dma_MemMap.h" ignored--file not found.
File: B:\workspace\RhapsodyTr\Mcal\rba_Dma\rba_Dma\src\rba_Dma_PBcfg.h, Line: 142 #include "rba_Dma_MemMap.h" ignored--file not found.
File: B:\workspace\RhapsodyTr\Mcal\rba_Dma\rba_Dma\src\rba_Dma_PBcfg.h, Line: 147 #include "rba_Dma_MemMap.h" ignored--file not found.
File: B:\workspace\RhapsodyTr\Mcal\rba_Dma\rba_Dma\src\rba_Dma_PBcfg.h, Line: 150 #include "rba_Dma_MemMap.h" ignored--file not found.
File: B:\workspace\RhapsodyTr\Mcal\rba_Dma\rba_Dma\src\rba_Dma_PBcfg.h, Line: 155 #include "rba_Dma_MemMap.h" ignored--file not found.
File: B:\workspace\RhapsodyTr\Mcal\rba_Dma\rba_Dma\src\rba_Dma_PBcfg.h, Line: 159 #include "rba_Dma_MemMap.h" ignored--file not found.
File: B:\workspace\RhapsodyTr\Mcal\rba_Dma\rba_Dma\api\rba_Dma.h, Line: 316 #include "rba_Dma_MemMap.h" ignored--file not found.
File: B:\workspace\RhapsodyTr\Mcal\rba_Dma\rba_Dma\api\rba_Dma.h, Line: 342 #include "rba_Dma_MemMap.h" ignored--file not found.
File: B:\workspace\RhapsodyTr\Mcal\rba_Dma\rba_Dma\api\rba_Dma.h, Line: 345 #include "rba_Dma_MemMap.h" ignored--file not found.
File: B:\workspace\RhapsodyTr\Mcal\rba_Dma\rba_Dma\api\rba_Dma.h, Line: 349 #include "rba_Dma_MemMap.h" ignored--file not found.
File: B:\workspace\RhapsodyTr\Mcal\rba_Dma\rba_Dma\api\rba_Dma.h, Line: 352 #include "rba_Dma_MemMap.h" ignored--file not found.
File: B:\workspace\RhapsodyTr\Mcal\rba_Dma\rba_Dma\api\rba_Dma.h, Line: 355 #include "rba_Dma_MemMap.h" ignored--file not found.
File: B:\workspace\RhapsodyTr\Mcal\rba_Dma\rba_Dma\api\rba_Dma.h, Line: 358 #include "rba_Dma_MemMap.h" ignored--file not found.
File: B:\workspace\RhapsodyTr\Mcal\rba_Dma\rba_Dma\api\rba_Dma.h, Line: 361 #include "rba_Dma_MemMap.h" ignored--file not found.
File: B:\workspace\RhapsodyTr\Mcal\rba_Dma\rba_Dma\src\rba_Dma_Err.c, Line: 38 #include "Det.h" ignored--file not found.
Adding file 'rba_Dma_Err' to package 'rba_Dma'. ok.
File: B:\workspace\RhapsodyTr\Mcal\rba_Dma\rba_Dma\src\rba_Dma_Err.c, Line: 100 #include "rba_Dma_MemMap.h" ignored--file not found.
File: B:\workspace\RhapsodyTr\Mcal\rba_Dma\rba_Dma\src\rba_Dma_Err.c, Line: 103 #include "rba_Dma_MemMap.h" ignored--file not found.
File: B:\workspace\RhapsodyTr\Mcal\rba_Dma\rba_Dma\src\rba_Dma_Err.c, Line: 106 #include "rba_Dma_MemMap.h" ignored--file not found.
File: B:\workspace\RhapsodyTr\Mcal\rba_Dma\rba_Dma\src\rba_Dma_Err.c, Line: 309 #include "rba_Dma_MemMap.h" ignored--file not found.

Parsing Summary:
"B:\workspace\RhapsodyTr\Mcal\rba_Dma\rba_Dma\api\rba_Dma.h":LINE 211 *** syntax error on input "void"
"B:\workspace\RhapsodyTr\Mcal\rba_Dma\rba_Dma\api\rba_Dma.h":LINE 212 *** parsing resumes at '{'
dont-care-loc *** no function  was declared in this context
"B:\workspace\RhapsodyTr\Mcal\rba_Dma\rba_Dma\api\rba_Dma.h":LINE 288 *** syntax error on input "void"
"B:\workspace\RhapsodyTr\Mcal\rba_Dma\rba_Dma\api\rba_Dma.h":LINE 289 *** parsing resumes at '{'
dont-care-loc *** no function  was declared in this context

Reverse Engineering 'B:/workspace/RhapsodyTr/Mcal/rba_Dma/rba_Dma/src/rba_Dma_PBcfg.c'
Reverse Engineering include file 'B:\workspace\RhapsodyTr\Mcal\rba_Dma\rba_Dma\api\rba_Dma.h'
File: B:\workspace\RhapsodyTr\Mcal\rba_Dma\rba_Dma\api\rba_Dma.h, Line: 28 #include "Std_Types.h" ignored--file not found.
File: B:\workspace\RhapsodyTr\Mcal\rba_Dma\rba_Dma\api\rba_Dma.h, Line: 30 #include "rba_Reg.h" ignored--file not found.
File: B:\workspace\RhapsodyTr\Mcal\rba_Dma\rba_Dma\api\rba_Dma.h, Line: 31 #include  ignored--bad filename delimiter.
Reverse Engineering include file 'B:\workspace\RhapsodyTr\Mcal\rba_Dma\rba_Dma\src\rba_Dma_PBcfg.h'
File: B:\workspace\RhapsodyTr\Mcal\rba_Dma\rba_Dma\src\rba_Dma_PBcfg.h, Line: 137 #include "rba_Dma_MemMap.h" ignored--file not found.
File: B:\workspace\RhapsodyTr\Mcal\rba_Dma\rba_Dma\src\rba_Dma_PBcfg.h, Line: 142 #include "rba_Dma_MemMap.h" ignored--file not found.
File: B:\workspace\RhapsodyTr\Mcal\rba_Dma\rba_Dma\src\rba_Dma_PBcfg.h, Line: 147 #include "rba_Dma_MemMap.h" ignored--file not found.
File: B:\workspace\RhapsodyTr\Mcal\rba_Dma\rba_Dma\src\rba_Dma_PBcfg.h, Line: 150 #include "rba_Dma_MemMap.h" ignored--file not found.
File: B:\workspace\RhapsodyTr\Mcal\rba_Dma\rba_Dma\src\rba_Dma_PBcfg.h, Line: 155 #include "rba_Dma_MemMap.h" ignored--file not found.
File: B:\workspace\RhapsodyTr\Mcal\rba_Dma\rba_Dma\src\rba_Dma_PBcfg.h, Line: 159 #include "rba_Dma_MemMap.h" ignored--file not found.
File: B:\workspace\RhapsodyTr\Mcal\rba_Dma\rba_Dma\api\rba_Dma.h, Line: 316 #include "rba_Dma_MemMap.h" ignored--file not found.
File: B:\workspace\RhapsodyTr\Mcal\rba_Dma\rba_Dma\api\rba_Dma.h, Line: 342 #include "rba_Dma_MemMap.h" ignored--file not found.
File: B:\workspace\RhapsodyTr\Mcal\rba_Dma\rba_Dma\api\rba_Dma.h, Line: 345 #include "rba_Dma_MemMap.h" ignored--file not found.
File: B:\workspace\RhapsodyTr\Mcal\rba_Dma\rba_Dma\api\rba_Dma.h, Line: 349 #include "rba_Dma_MemMap.h" ignored--file not found.
File: B:\workspace\RhapsodyTr\Mcal\rba_Dma\rba_Dma\api\rba_Dma.h, Line: 352 #include "rba_Dma_MemMap.h" ignored--file not found.
File: B:\workspace\RhapsodyTr\Mcal\rba_Dma\rba_Dma\api\rba_Dma.h, Line: 355 #include "rba_Dma_MemMap.h" ignored--file not found.
File: B:\workspace\RhapsodyTr\Mcal\rba_Dma\rba_Dma\api\rba_Dma.h, Line: 358 #include "rba_Dma_MemMap.h" ignored--file not found.
File: B:\workspace\RhapsodyTr\Mcal\rba_Dma\rba_Dma\api\rba_Dma.h, Line: 361 #include "rba_Dma_MemMap.h" ignored--file not found.
Reverse Engineering include file 'B:\workspace\RhapsodyTr\Mcal\rba_Dma\rba_Dma\src\rba_Dma_PBcfg.h'
File: B:\workspace\RhapsodyTr\Mcal\rba_Dma\rba_Dma\src\rba_Dma_PBcfg.c, Line: 39 #include "rba_Reg.h" ignored--file not found.
File: B:\workspace\RhapsodyTr\Mcal\rba_Dma\rba_Dma\src\rba_Dma_PBcfg.c, Line: 40 #include  ignored--bad filename delimiter.
File: B:\workspace\RhapsodyTr\Mcal\rba_Dma\rba_Dma\src\rba_Dma_PBcfg.c, Line: 44 #include "rba_Dma_MemMap.h" ignored--file not found.
File: B:\workspace\RhapsodyTr\Mcal\rba_Dma\rba_Dma\src\rba_Dma_PBcfg.c, Line: 49 #include "rba_Dma_MemMap.h" ignored--file not found.
File: B:\workspace\RhapsodyTr\Mcal\rba_Dma\rba_Dma\src\rba_Dma_PBcfg.c, Line: 52 #include "rba_Dma_MemMap.h" ignored--file not found.
File: B:\workspace\RhapsodyTr\Mcal\rba_Dma\rba_Dma\src\rba_Dma_PBcfg.c, Line: 80 #include "rba_Dma_MemMap.h" ignored--file not found.
File: B:\workspace\RhapsodyTr\Mcal\rba_Dma\rba_Dma\src\rba_Dma_PBcfg.c, Line: 83 #include "rba_Dma_MemMap.h" ignored--file not found.
File: B:\workspace\RhapsodyTr\Mcal\rba_Dma\rba_Dma\src\rba_Dma_PBcfg.c, Line: 88 #include "rba_Dma_MemMap.h" ignored--file not found.

Parsing Summary:
"B:\workspace\RhapsodyTr\Mcal\rba_Dma\rba_Dma\api\rba_Dma.h":LINE 211 *** syntax error on input "void"
"B:\workspace\RhapsodyTr\Mcal\rba_Dma\rba_Dma\api\rba_Dma.h":LINE 212 *** parsing resumes at '{'
dont-care-loc *** no function  was declared in this context
"B:\workspace\RhapsodyTr\Mcal\rba_Dma\rba_Dma\api\rba_Dma.h":LINE 288 *** syntax error on input "void"
"B:\workspace\RhapsodyTr\Mcal\rba_Dma\rba_Dma\api\rba_Dma.h":LINE 289 *** parsing resumes at '{'
dont-care-loc *** no function  was declared in this context

Reverse Engineering 'B:/workspace/RhapsodyTr/Mcal/rba_Dma/rba_Dma/src/rba_Dma_SetUpCh.c'
Reverse Engineering include file 'B:\workspace\RhapsodyTr\Mcal\rba_Dma\rba_Dma\api\rba_Dma.h'
File: B:\workspace\RhapsodyTr\Mcal\rba_Dma\rba_Dma\api\rba_Dma.h, Line: 28 #include "Std_Types.h" ignored--file not found.
File: B:\workspace\RhapsodyTr\Mcal\rba_Dma\rba_Dma\api\rba_Dma.h, Line: 30 #include "rba_Reg.h" ignored--file not found.
File: B:\workspace\RhapsodyTr\Mcal\rba_Dma\rba_Dma\api\rba_Dma.h, Line: 31 #include  ignored--bad filename delimiter.
Reverse Engineering include file 'B:\workspace\RhapsodyTr\Mcal\rba_Dma\rba_Dma\src\rba_Dma_PBcfg.h'
File: B:\workspace\RhapsodyTr\Mcal\rba_Dma\rba_Dma\src\rba_Dma_PBcfg.h, Line: 137 #include "rba_Dma_MemMap.h" ignored--file not found.
File: B:\workspace\RhapsodyTr\Mcal\rba_Dma\rba_Dma\src\rba_Dma_PBcfg.h, Line: 142 #include "rba_Dma_MemMap.h" ignored--file not found.
File: B:\workspace\RhapsodyTr\Mcal\rba_Dma\rba_Dma\src\rba_Dma_PBcfg.h, Line: 147 #include "rba_Dma_MemMap.h" ignored--file not found.
File: B:\workspace\RhapsodyTr\Mcal\rba_Dma\rba_Dma\src\rba_Dma_PBcfg.h, Line: 150 #include "rba_Dma_MemMap.h" ignored--file not found.
File: B:\workspace\RhapsodyTr\Mcal\rba_Dma\rba_Dma\src\rba_Dma_PBcfg.h, Line: 155 #include "rba_Dma_MemMap.h" ignored--file not found.
File: B:\workspace\RhapsodyTr\Mcal\rba_Dma\rba_Dma\src\rba_Dma_PBcfg.h, Line: 159 #include "rba_Dma_MemMap.h" ignored--file not found.
File: B:\workspace\RhapsodyTr\Mcal\rba_Dma\rba_Dma\api\rba_Dma.h, Line: 316 #include "rba_Dma_MemMap.h" ignored--file not found.
File: B:\workspace\RhapsodyTr\Mcal\rba_Dma\rba_Dma\api\rba_Dma.h, Line: 342 #include "rba_Dma_MemMap.h" ignored--file not found.
File: B:\workspace\RhapsodyTr\Mcal\rba_Dma\rba_Dma\api\rba_Dma.h, Line: 345 #include "rba_Dma_MemMap.h" ignored--file not found.
File: B:\workspace\RhapsodyTr\Mcal\rba_Dma\rba_Dma\api\rba_Dma.h, Line: 349 #include "rba_Dma_MemMap.h" ignored--file not found.
File: B:\workspace\RhapsodyTr\Mcal\rba_Dma\rba_Dma\api\rba_Dma.h, Line: 352 #include "rba_Dma_MemMap.h" ignored--file not found.
File: B:\workspace\RhapsodyTr\Mcal\rba_Dma\rba_Dma\api\rba_Dma.h, Line: 355 #include "rba_Dma_MemMap.h" ignored--file not found.
File: B:\workspace\RhapsodyTr\Mcal\rba_Dma\rba_Dma\api\rba_Dma.h, Line: 358 #include "rba_Dma_MemMap.h" ignored--file not found.
File: B:\workspace\RhapsodyTr\Mcal\rba_Dma\rba_Dma\api\rba_Dma.h, Line: 361 #include "rba_Dma_MemMap.h" ignored--file not found.
File: B:\workspace\RhapsodyTr\Mcal\rba_Dma\rba_Dma\src\rba_Dma_SetUpCh.c, Line: 38 #include "Mcu.h" ignored--file not found.
File: B:\workspace\RhapsodyTr\Mcal\rba_Dma\rba_Dma\src\rba_Dma_SetUpCh.c, Line: 40 #include "rba_Reg.h" ignored--file not found.
File: B:\workspace\RhapsodyTr\Mcal\rba_Dma\rba_Dma\src\rba_Dma_SetUpCh.c, Line: 41 #include  ignored--bad filename delimiter.
File: B:\workspace\RhapsodyTr\Mcal\rba_Dma\rba_Dma\src\rba_Dma_SetUpCh.c, Line: 44 #include "rba_Reg.h" ignored--file not found.
File: B:\workspace\RhapsodyTr\Mcal\rba_Dma\rba_Dma\src\rba_Dma_SetUpCh.c, Line: 45 #include  ignored--bad filename delimiter.
Adding file 'rba_Dma_SetUpCh' to package 'rba_Dma'. ok.
File: B:\workspace\RhapsodyTr\Mcal\rba_Dma\rba_Dma\src\rba_Dma_SetUpCh.c, Line: 51 #include "rba_Dma_MemMap.h" ignored--file not found.
File: B:\workspace\RhapsodyTr\Mcal\rba_Dma\rba_Dma\src\rba_Dma_SetUpCh.c, Line: 54 #include "rba_Dma_MemMap.h" ignored--file not found.
File: B:\workspace\RhapsodyTr\Mcal\rba_Dma\rba_Dma\src\rba_Dma_SetUpCh.c, Line: 59 #include "rba_Dma_MemMap.h" ignored--file not found.
File: B:\workspace\RhapsodyTr\Mcal\rba_Dma\rba_Dma\src\rba_Dma_SetUpCh.c, Line: 116 #include "rba_Dma_MemMap.h" ignored--file not found.
File: B:\workspace\RhapsodyTr\Mcal\rba_Dma\rba_Dma\src\rba_Dma_SetUpCh.c, Line: 119 #include "rba_Dma_MemMap.h" ignored--file not found.
File: B:\workspace\RhapsodyTr\Mcal\rba_Dma\rba_Dma\src\rba_Dma_SetUpCh.c, Line: 1111 #include "rba_Dma_MemMap.h" ignored--file not found.

Parsing Summary:
"B:\workspace\RhapsodyTr\Mcal\rba_Dma\rba_Dma\api\rba_Dma.h":LINE 211 *** syntax error on input "void"
"B:\workspace\RhapsodyTr\Mcal\rba_Dma\rba_Dma\api\rba_Dma.h":LINE 212 *** parsing resumes at '{'
dont-care-loc *** no function  was declared in this context
"B:\workspace\RhapsodyTr\Mcal\rba_Dma\rba_Dma\api\rba_Dma.h":LINE 288 *** syntax error on input "void"
"B:\workspace\RhapsodyTr\Mcal\rba_Dma\rba_Dma\api\rba_Dma.h":LINE 289 *** parsing resumes at '{'
dont-care-loc *** no function  was declared in this context

Reverse Engineering 'B:/workspace/RhapsodyTr/Mcal/rba_Dma/rba_Dma/api/rba_Dma.h'
File: B:\workspace\RhapsodyTr\Mcal\rba_Dma\rba_Dma\api\rba_Dma.h, Line: 28 #include "Std_Types.h" ignored--file not found.
File: B:\workspace\RhapsodyTr\Mcal\rba_Dma\rba_Dma\api\rba_Dma.h, Line: 30 #include "rba_Reg.h" ignored--file not found.
File: B:\workspace\RhapsodyTr\Mcal\rba_Dma\rba_Dma\api\rba_Dma.h, Line: 31 #include  ignored--bad filename delimiter.
Reverse Engineering include file 'B:\workspace\RhapsodyTr\Mcal\rba_Dma\rba_Dma\src\rba_Dma_PBcfg.h'
File: B:\workspace\RhapsodyTr\Mcal\rba_Dma\rba_Dma\src\rba_Dma_PBcfg.h, Line: 137 #include "rba_Dma_MemMap.h" ignored--file not found.
File: B:\workspace\RhapsodyTr\Mcal\rba_Dma\rba_Dma\src\rba_Dma_PBcfg.h, Line: 142 #include "rba_Dma_MemMap.h" ignored--file not found.
File: B:\workspace\RhapsodyTr\Mcal\rba_Dma\rba_Dma\src\rba_Dma_PBcfg.h, Line: 147 #include "rba_Dma_MemMap.h" ignored--file not found.
File: B:\workspace\RhapsodyTr\Mcal\rba_Dma\rba_Dma\src\rba_Dma_PBcfg.h, Line: 150 #include "rba_Dma_MemMap.h" ignored--file not found.
File: B:\workspace\RhapsodyTr\Mcal\rba_Dma\rba_Dma\src\rba_Dma_PBcfg.h, Line: 155 #include "rba_Dma_MemMap.h" ignored--file not found.
File: B:\workspace\RhapsodyTr\Mcal\rba_Dma\rba_Dma\src\rba_Dma_PBcfg.h, Line: 159 #include "rba_Dma_MemMap.h" ignored--file not found.
File: B:\workspace\RhapsodyTr\Mcal\rba_Dma\rba_Dma\api\rba_Dma.h, Line: 316 #include "rba_Dma_MemMap.h" ignored--file not found.
File: B:\workspace\RhapsodyTr\Mcal\rba_Dma\rba_Dma\api\rba_Dma.h, Line: 342 #include "rba_Dma_MemMap.h" ignored--file not found.
File: B:\workspace\RhapsodyTr\Mcal\rba_Dma\rba_Dma\api\rba_Dma.h, Line: 345 #include "rba_Dma_MemMap.h" ignored--file not found.
File: B:\workspace\RhapsodyTr\Mcal\rba_Dma\rba_Dma\api\rba_Dma.h, Line: 349 #include "rba_Dma_MemMap.h" ignored--file not found.
File: B:\workspace\RhapsodyTr\Mcal\rba_Dma\rba_Dma\api\rba_Dma.h, Line: 352 #include "rba_Dma_MemMap.h" ignored--file not found.
File: B:\workspace\RhapsodyTr\Mcal\rba_Dma\rba_Dma\api\rba_Dma.h, Line: 355 #include "rba_Dma_MemMap.h" ignored--file not found.
File: B:\workspace\RhapsodyTr\Mcal\rba_Dma\rba_Dma\api\rba_Dma.h, Line: 358 #include "rba_Dma_MemMap.h" ignored--file not found.
File: B:\workspace\RhapsodyTr\Mcal\rba_Dma\rba_Dma\api\rba_Dma.h, Line: 361 #include "rba_Dma_MemMap.h" ignored--file not found.

Parsing Summary:
"B:\workspace\RhapsodyTr\Mcal\rba_Dma\rba_Dma\api\rba_Dma.h":LINE 211 *** syntax error on input "void"
"B:\workspace\RhapsodyTr\Mcal\rba_Dma\rba_Dma\api\rba_Dma.h":LINE 212 *** parsing resumes at '{'
dont-care-loc *** no function  was declared in this context
"B:\workspace\RhapsodyTr\Mcal\rba_Dma\rba_Dma\api\rba_Dma.h":LINE 288 *** syntax error on input "void"
"B:\workspace\RhapsodyTr\Mcal\rba_Dma\rba_Dma\api\rba_Dma.h":LINE 289 *** parsing resumes at '{'
dont-care-loc *** no function  was declared in this context

Reverse Engineering 'B:/workspace/RhapsodyTr/Mcal/rba_Dma/rba_Dma/src/rba_Dma_PBcfg.h'
File: B:\workspace\RhapsodyTr\Mcal\rba_Dma\rba_Dma\src\rba_Dma_PBcfg.h, Line: 137 #include "rba_Dma_MemMap.h" ignored--file not found.
File: B:\workspace\RhapsodyTr\Mcal\rba_Dma\rba_Dma\src\rba_Dma_PBcfg.h, Line: 142 #include "rba_Dma_MemMap.h" ignored--file not found.
File: B:\workspace\RhapsodyTr\Mcal\rba_Dma\rba_Dma\src\rba_Dma_PBcfg.h, Line: 147 #include "rba_Dma_MemMap.h" ignored--file not found.
File: B:\workspace\RhapsodyTr\Mcal\rba_Dma\rba_Dma\src\rba_Dma_PBcfg.h, Line: 150 #include "rba_Dma_MemMap.h" ignored--file not found.
File: B:\workspace\RhapsodyTr\Mcal\rba_Dma\rba_Dma\src\rba_Dma_PBcfg.h, Line: 155 #include "rba_Dma_MemMap.h" ignored--file not found.
File: B:\workspace\RhapsodyTr\Mcal\rba_Dma\rba_Dma\src\rba_Dma_PBcfg.h, Line: 159 #include "rba_Dma_MemMap.h" ignored--file not found.

Reverse Engineering Done (30). See detailed report in the log file.

Creating Diagrams.

Creating Diagram for Project rba_Dma_dSD.

Creating Diagram for Package rba_Dma.

Creating Diagrams Done.

